<file name="/Applications/MAMP/htdocs/drupal-test/sites/all/modules/backup_migrate/includes/backup_migrate.drush.inc">
 <error line="8" column="1" severity="error" message="Whitespace found at end of line" source="Squiz.WhiteSpace.SuperfluousWhitespace.EndLine"/>
 <error line="10" column="1" severity="warning" message="Format should be &quot;* Implements hook_foo().&quot;, &quot;* Implements hook_foo_BAR_ID_bar() for xyz_bar().&quot;, or &quot;* Implements hook_foo_BAR_ID_bar() for xyz_bar.tpl.php.&quot;." source="Drupal.Commenting.FunctionComment"/>
 <error line="18" column="118" severity="error" message="Whitespace found at end of line" source="Squiz.WhiteSpace.SuperfluousWhitespace.EndLine"/>
 <error line="19" column="147" severity="error" message="Whitespace found at end of line" source="Squiz.WhiteSpace.SuperfluousWhitespace.EndLine"/>
 <error line="20" column="183" severity="error" message="Whitespace found at end of line" source="Squiz.WhiteSpace.SuperfluousWhitespace.EndLine"/>
 <error line="64" column="1" severity="warning" message="Format should be &quot;* Implements hook_foo().&quot;, &quot;* Implements hook_foo_BAR_ID_bar() for xyz_bar().&quot;, or &quot;* Implements hook_foo_BAR_ID_bar() for xyz_bar.tpl.php.&quot;." source="Drupal.Commenting.FunctionComment"/>
 <error line="69" column="7" severity="error" message="Case breaking statements must be followed by a single blank line" source="Squiz.ControlStructures.SwitchDeclaration.SpacingAfterBreak"/>
 <error line="71" column="7" severity="error" message="Case breaking statements must be followed by a single blank line" source="Squiz.ControlStructures.SwitchDeclaration.SpacingAfterBreak"/>
 <error line="73" column="7" severity="error" message="Case breaking statements must be followed by a single blank line" source="Squiz.ControlStructures.SwitchDeclaration.SpacingAfterBreak"/>
 <error line="75" column="7" severity="error" message="Case breaking statements must be followed by a single blank line" source="Squiz.ControlStructures.SwitchDeclaration.SpacingAfterBreak"/>
 <error line="99" column="3" severity="error" message="Expected &quot;if (...) {\n&quot;; found &quot;if(...) {\n&quot;" source="Drupal.ControlStructures.ControlSignature"/>
 <error line="167" column="7" severity="error" message="Space before opening parenthesis of function call prohibited" source="PEAR.Functions.FunctionCallSignature.SpaceBeforeOpenBracket"/>
 <error line="189" column="1" severity="error" message="Function comment short description must end with a full stop" source="Drupal.Commenting.FunctionComment.ShortFullStop"/>
 <error line="211" column="3" severity="error" message="Array indentation error, expected 4 spaces but found 2" source="Drupal.Array.Array.ArrayIndentation"/>
 <error line="215" column="12" severity="error" message="A cast statement must be followed by a single space" source="Generic.Formatting.SpaceAfterCast.NoSpace"/>
</file>
<file name="/Applications/MAMP/htdocs/drupal-test/sites/all/modules/backup_migrate/includes/crud.inc">
 <error line="36" column="1" severity="warning" message="Line exceeds 80 characters; contains 97 characters" source="Drupal.Files.LineLength.TooLong"/>
 <error line="46" column="30" severity="error" message="Calling class constructors must always include parentheses" source="Drupal.Classes.ClassCreateInstance"/>
 <error line="59" column="15" severity="error" message="A cast statement must be followed by a single space" source="Generic.Formatting.SpaceAfterCast.NoSpace"/>
 <error line="93" column="41" severity="error" message="Concat operator must be surrounded by spaces" source="Drupal.Strings.ConcatenationSpacing.Missing"/>
 <error line="127" column="61" severity="error" message="Concat operator must be surrounded by spaces" source="Drupal.Strings.ConcatenationSpacing.Missing"/>
 <error line="140" column="48" severity="error" message="Concat operator must be surrounded by spaces" source="Drupal.Strings.ConcatenationSpacing.Missing"/>
 <error line="153" column="80" severity="error" message="Concat operator must be surrounded by spaces" source="Drupal.Strings.ConcatenationSpacing.Missing"/>
 <error line="164" column="59" severity="error" message="Concat operator must be surrounded by spaces" source="Drupal.Strings.ConcatenationSpacing.Missing"/>
 <error line="221" column="1" severity="warning" message="Line exceeds 80 characters; contains 91 characters" source="Drupal.Files.LineLength.TooLong"/>
 <error line="223" column="1" severity="error" message="Class name must begin with a capital letter" source="Drupal.NamingConventions.ValidClassName.StartWithCaptial"/>
 <error line="223" column="1" severity="error" message="Class name must use UpperCamel naming without underscores" source="Drupal.NamingConventions.ValidClassName.NoUnderscores"/>
 <error line="224" column="7" severity="error" message="Class property $db_table should use lowerCamel naming without underscores" source="Drupal.NamingConventions.ValidVariableName.LowerCamelName"/>
 <error line="224" column="7" severity="error" message="The var keyword must not be used to declare a property" source="PSR2.Classes.PropertyDeclaration.VarUsed"/>
 <error line="224" column="7" severity="error" message="Visibility must be declared on property &quot;$db_table&quot;" source="PSR2.Classes.PropertyDeclaration.ScopeMissing"/>
 <error line="225" column="7" severity="error" message="Class property $type_name should use lowerCamel naming without underscores" source="Drupal.NamingConventions.ValidVariableName.LowerCamelName"/>
 <error line="225" column="7" severity="error" message="The var keyword must not be used to declare a property" source="PSR2.Classes.PropertyDeclaration.VarUsed"/>
 <error line="225" column="7" severity="error" message="Visibility must be declared on property &quot;$type_name&quot;" source="PSR2.Classes.PropertyDeclaration.ScopeMissing"/>
 <error line="226" column="7" severity="error" message="The var keyword must not be used to declare a property" source="PSR2.Classes.PropertyDeclaration.VarUsed"/>
 <error line="226" column="7" severity="error" message="Visibility must be declared on property &quot;$storage&quot;" source="PSR2.Classes.PropertyDeclaration.ScopeMissing"/>
 <error line="227" column="7" severity="error" message="Class property $default_values should use lowerCamel naming without underscores" source="Drupal.NamingConventions.ValidVariableName.LowerCamelName"/>
 <error line="227" column="7" severity="error" message="The var keyword must not be used to declare a property" source="PSR2.Classes.PropertyDeclaration.VarUsed"/>
 <error line="227" column="7" severity="error" message="Visibility must be declared on property &quot;$default_values&quot;" source="PSR2.Classes.PropertyDeclaration.ScopeMissing"/>
 <error line="228" column="7" severity="error" message="The var keyword must not be used to declare a property" source="PSR2.Classes.PropertyDeclaration.VarUsed"/>
 <error line="228" column="7" severity="error" message="Visibility must be declared on property &quot;$singular&quot;" source="PSR2.Classes.PropertyDeclaration.ScopeMissing"/>
 <error line="229" column="7" severity="error" message="The var keyword must not be used to declare a property" source="PSR2.Classes.PropertyDeclaration.VarUsed"/>
 <error line="229" column="7" severity="error" message="Visibility must be declared on property &quot;$plural&quot;" source="PSR2.Classes.PropertyDeclaration.ScopeMissing"/>
 <error line="232" column="1" severity="warning" message="Line exceeds 80 characters; contains 85 characters" source="Drupal.Files.LineLength.TooLong"/>
 <error line="234" column="3" severity="error" message="Visibility must be declared on method &quot;__construct&quot;" source="Squiz.Scope.MethodScope.Missing"/>
 <error line="235" column="23" severity="error" message="A cast statement must be followed by a single space" source="Generic.Formatting.SpaceAfterCast.NoSpace"/>
 <error line="235" column="40" severity="error" message="A cast statement must be followed by a single space" source="Generic.Formatting.SpaceAfterCast.NoSpace"/>
 <error line="241" column="3" severity="error" message="Method name &quot;backup_migrate_item::get_default_values&quot; is not in lowerCamel format, it must not contain underscores" source="Drupal.NamingConventions.ValidFunctionName.NotLowerCamel"/>
 <error line="241" column="3" severity="error" message="Visibility must be declared on method &quot;get_default_values&quot;" source="Squiz.Scope.MethodScope.Missing"/>
 <error line="247" column="6" severity="error" message="Whitespace found at end of line" source="Squiz.WhiteSpace.SuperfluousWhitespace.EndLine"/>
 <error line="248" column="3" severity="error" message="Visibility must be declared on method &quot;save&quot;" source="Squiz.Scope.MethodScope.Missing"/>
 <error line="258" column="6" severity="error" message="Whitespace found at end of line" source="Squiz.WhiteSpace.SuperfluousWhitespace.EndLine"/>
 <error line="259" column="3" severity="error" message="Visibility must be declared on method &quot;delete&quot;" source="Squiz.Scope.MethodScope.Missing"/>
 <error line="260" column="13" severity="error" message="A cast statement must be followed by a single space" source="Generic.Formatting.SpaceAfterCast.NoSpace"/>
 <error line="268" column="3" severity="error" message="Method name &quot;backup_migrate_item::from_array&quot; is not in lowerCamel format, it must not contain underscores" source="Drupal.NamingConventions.ValidFunctionName.NotLowerCamel"/>
 <error line="268" column="3" severity="error" message="Visibility must be declared on method &quot;from_array&quot;" source="Squiz.Scope.MethodScope.Missing"/>
 <error line="270" column="38" severity="error" message="Concat operator must be surrounded by spaces" source="Drupal.Strings.ConcatenationSpacing.Missing"/>
 <error line="271" column="23" severity="error" message="Concat operator must be surrounded by spaces" source="Drupal.Strings.ConcatenationSpacing.Missing"/>
 <error line="282" column="3" severity="error" message="Method name &quot;backup_migrate_item::to_array&quot; is not in lowerCamel format, it must not contain underscores" source="Drupal.NamingConventions.ValidFunctionName.NotLowerCamel"/>
 <error line="282" column="3" severity="error" message="Visibility must be declared on method &quot;to_array&quot;" source="Squiz.Scope.MethodScope.Missing"/>
 <error line="297" column="3" severity="error" message="Visibility must be declared on method &quot;export&quot;" source="Squiz.Scope.MethodScope.Missing"/>
 <error line="309" column="3" severity="error" message="Method name &quot;backup_migrate_item::load_row&quot; is not in lowerCamel format, it must not contain underscores" source="Drupal.NamingConventions.ValidFunctionName.NotLowerCamel"/>
 <error line="309" column="3" severity="error" message="Visibility must be declared on method &quot;load_row&quot;" source="Squiz.Scope.MethodScope.Missing"/>
 <error line="323" column="3" severity="error" message="Method name &quot;backup_migrate_item::decode_db_row&quot; is not in lowerCamel format, it must not contain underscores" source="Drupal.NamingConventions.ValidFunctionName.NotLowerCamel"/>
 <error line="323" column="3" severity="error" message="Visibility must be declared on method &quot;decode_db_row&quot;" source="Squiz.Scope.MethodScope.Missing"/>
 <error line="336" column="3" severity="error" message="Method name &quot;backup_migrate_item::get_serialized_fields&quot; is not in lowerCamel format, it must not contain underscores" source="Drupal.NamingConventions.ValidFunctionName.NotLowerCamel"/>
 <error line="336" column="3" severity="error" message="Visibility must be declared on method &quot;get_serialized_fields&quot;" source="Squiz.Scope.MethodScope.Missing"/>
 <error line="350" column="3" severity="error" message="Method name &quot;backup_migrate_item::get_primary_key&quot; is not in lowerCamel format, it must not contain underscores" source="Drupal.NamingConventions.ValidFunctionName.NotLowerCamel"/>
 <error line="350" column="3" severity="error" message="Visibility must be declared on method &quot;get_primary_key&quot;" source="Squiz.Scope.MethodScope.Missing"/>
 <error line="358" column="3" severity="error" message="Method name &quot;backup_migrate_item::get_schema&quot; is not in lowerCamel format, it must not contain underscores" source="Drupal.NamingConventions.ValidFunctionName.NotLowerCamel"/>
 <error line="358" column="3" severity="error" message="Visibility must be declared on method &quot;get_schema&quot;" source="Squiz.Scope.MethodScope.Missing"/>
 <error line="367" column="3" severity="error" message="Method name &quot;backup_migrate_item::get_id&quot; is not in lowerCamel format, it must not contain underscores" source="Drupal.NamingConventions.ValidFunctionName.NotLowerCamel"/>
 <error line="367" column="3" severity="error" message="Visibility must be declared on method &quot;get_id&quot;" source="Squiz.Scope.MethodScope.Missing"/>
 <error line="368" column="13" severity="error" message="A cast statement must be followed by a single space" source="Generic.Formatting.SpaceAfterCast.NoSpace"/>
 <error line="369" column="40" severity="error" message="A cast statement must be followed by a single space" source="Generic.Formatting.SpaceAfterCast.NoSpace"/>
 <error line="375" column="3" severity="error" message="Method name &quot;backup_migrate_item::set_id&quot; is not in lowerCamel format, it must not contain underscores" source="Drupal.NamingConventions.ValidFunctionName.NotLowerCamel"/>
 <error line="375" column="3" severity="error" message="Visibility must be declared on method &quot;set_id&quot;" source="Squiz.Scope.MethodScope.Missing"/>
 <error line="376" column="13" severity="error" message="A cast statement must be followed by a single space" source="Generic.Formatting.SpaceAfterCast.NoSpace"/>
 <error line="386" column="3" severity="error" message="Method name &quot;backup_migrate_item::generate_id&quot; is not in lowerCamel format, it must not contain underscores" source="Drupal.NamingConventions.ValidFunctionName.NotLowerCamel"/>
 <error line="386" column="3" severity="error" message="Visibility must be declared on method &quot;generate_id&quot;" source="Squiz.Scope.MethodScope.Missing"/>
 <error line="387" column="41" severity="error" message="TRUE, FALSE and NULL must be uppercase; expected &quot;TRUE&quot; but found &quot;true&quot;" source="Generic.PHP.UpperCaseConstant.Found"/>
 <error line="393" column="3" severity="error" message="Method name &quot;backup_migrate_item::get_name&quot; is not in lowerCamel format, it must not contain underscores" source="Drupal.NamingConventions.ValidFunctionName.NotLowerCamel"/>
 <error line="393" column="3" severity="error" message="Visibility must be declared on method &quot;get_name&quot;" source="Squiz.Scope.MethodScope.Missing"/>
 <error line="399" column="6" severity="error" message="Whitespace found at end of line" source="Squiz.WhiteSpace.SuperfluousWhitespace.EndLine"/>
 <error line="400" column="3" severity="error" message="Visibility must be declared on method &quot;get&quot;" source="Squiz.Scope.MethodScope.Missing"/>
 <error line="401" column="36" severity="error" message="Concat operator must be surrounded by spaces" source="Drupal.Strings.ConcatenationSpacing.Missing"/>
 <error line="402" column="28" severity="error" message="Concat operator must be surrounded by spaces" source="Drupal.Strings.ConcatenationSpacing.Missing"/>
 <error line="412" column="3" severity="error" message="Method name &quot;backup_migrate_item::get_action_links&quot; is not in lowerCamel format, it must not contain underscores" source="Drupal.NamingConventions.ValidFunctionName.NotLowerCamel"/>
 <error line="412" column="3" severity="error" message="Visibility must be declared on method &quot;get_action_links&quot;" source="Squiz.Scope.MethodScope.Missing"/>
 <error line="420" column="10" severity="error" message="Use &quot;elseif&quot; in place of &quot;else if&quot;" source="Drupal.ControlStructures.ElseIf"/>
 <error line="426" column="10" severity="error" message="Use &quot;elseif&quot; in place of &quot;else if&quot;" source="Drupal.ControlStructures.ElseIf"/>
 <error line="431" column="5" severity="warning" message="Line exceeds 80 characters; contains 107 characters" source="Drupal.Files.LineLength.TooLong"/>
 <error line="431" column="5" severity="warning" message="There must be no blank line following an inline comment" source="Drupal.Commenting.InlineComment.SpacingAfter"/>
 <error line="431" column="5" severity="error" message="No space before comment text; expected &quot;// $out['export'] = l(t(&quot;export&quot;), BACKUP_MIGRATE_MENU_PATH . &quot;/$this-&gt;type_name/list/export/$item_id&quot;);&quot; but found &quot;//$out['export'] = l(t(&quot;export&quot;), BACKUP_MIGRATE_MENU_PATH . &quot;/$this-&gt;type_name/list/export/$item_id&quot;);&quot;" source="Drupal.Commenting.InlineComment.NoSpaceBefore"/>
 <error line="438" column="6" severity="error" message="Whitespace found at end of line" source="Squiz.WhiteSpace.SuperfluousWhitespace.EndLine"/>
 <error line="439" column="3" severity="error" message="Method name &quot;backup_migrate_item::get_list&quot; is not in lowerCamel format, it must not contain underscores" source="Drupal.NamingConventions.ValidFunctionName.NotLowerCamel"/>
 <error line="439" column="3" severity="error" message="Visibility must be declared on method &quot;get_list&quot;" source="Squiz.Scope.MethodScope.Missing"/>
 <error line="458" column="6" severity="error" message="Whitespace found at end of line" source="Squiz.WhiteSpace.SuperfluousWhitespace.EndLine"/>
 <error line="459" column="3" severity="error" message="Method name &quot;backup_migrate_item::get_list_column_info&quot; is not in lowerCamel format, it must not contain underscores" source="Drupal.NamingConventions.ValidFunctionName.NotLowerCamel"/>
 <error line="459" column="3" severity="error" message="Visibility must be declared on method &quot;get_list_column_info&quot;" source="Squiz.Scope.MethodScope.Missing"/>
 <error line="467" column="6" severity="error" message="Whitespace found at end of line" source="Squiz.WhiteSpace.SuperfluousWhitespace.EndLine"/>
 <error line="468" column="3" severity="error" message="Method name &quot;backup_migrate_item::get_list_header&quot; is not in lowerCamel format, it must not contain underscores" source="Drupal.NamingConventions.ValidFunctionName.NotLowerCamel"/>
 <error line="468" column="3" severity="error" message="Visibility must be declared on method &quot;get_list_header&quot;" source="Squiz.Scope.MethodScope.Missing"/>
 <error line="478" column="6" severity="error" message="Whitespace found at end of line" source="Squiz.WhiteSpace.SuperfluousWhitespace.EndLine"/>
 <error line="479" column="3" severity="error" message="Method name &quot;backup_migrate_item::get_list_row&quot; is not in lowerCamel format, it must not contain underscores" source="Drupal.NamingConventions.ValidFunctionName.NotLowerCamel"/>
 <error line="479" column="3" severity="error" message="Visibility must be declared on method &quot;get_list_row&quot;" source="Squiz.Scope.MethodScope.Missing"/>
 <error line="490" column="3" severity="error" message="Method name &quot;backup_migrate_item::get_actions&quot; is not in lowerCamel format, it must not contain underscores" source="Drupal.NamingConventions.ValidFunctionName.NotLowerCamel"/>
 <error line="490" column="3" severity="error" message="Visibility must be declared on method &quot;get_actions&quot;" source="Squiz.Scope.MethodScope.Missing"/>
 <error line="498" column="3" severity="error" message="Method name &quot;backup_migrate_item::edit_form&quot; is not in lowerCamel format, it must not contain underscores" source="Drupal.NamingConventions.ValidFunctionName.NotLowerCamel"/>
 <error line="498" column="3" severity="error" message="Visibility must be declared on method &quot;edit_form&quot;" source="Squiz.Scope.MethodScope.Missing"/>
 <error line="508" column="24" severity="error" message="If the line declaring an array spans longer than 80 characters, each element should be broken into its own line" source="Drupal.Array.Array.LongLineDeclaration"/>
 <error line="509" column="34" severity="error" message="If the line declaring an array spans longer than 80 characters, each element should be broken into its own line" source="Drupal.Array.Array.LongLineDeclaration"/>
 <error line="509" column="108" severity="warning" message="Only string literals should be passed to t() where possible" source="Drupal.Semantics.FunctionCall.NotLiteralString"/>
 <error line="517" column="3" severity="error" message="Method name &quot;backup_migrate_item::edit_form_validate&quot; is not in lowerCamel format, it must not contain underscores" source="Drupal.NamingConventions.ValidFunctionName.NotLowerCamel"/>
 <error line="517" column="3" severity="error" message="Visibility must be declared on method &quot;edit_form_validate&quot;" source="Squiz.Scope.MethodScope.Missing"/>
 <error line="523" column="3" severity="error" message="Method name &quot;backup_migrate_item::edit_form_submit&quot; is not in lowerCamel format, it must not contain underscores" source="Drupal.NamingConventions.ValidFunctionName.NotLowerCamel"/>
 <error line="523" column="3" severity="error" message="Visibility must be declared on method &quot;edit_form_submit&quot;" source="Squiz.Scope.MethodScope.Missing"/>
 <error line="526" column="63" severity="warning" message="Only string literals should be passed to t() where possible" source="Drupal.Semantics.FunctionCall.NotLiteralString"/>
 <error line="530" column="1" severity="warning" message="Line exceeds 80 characters; contains 82 characters" source="Drupal.Files.LineLength.TooLong"/>
 <error line="532" column="3" severity="error" message="Method name &quot;backup_migrate_item::delete_confirm_message&quot; is not in lowerCamel format, it must not contain underscores" source="Drupal.NamingConventions.ValidFunctionName.NotLowerCamel"/>
 <error line="532" column="3" severity="error" message="Visibility must be declared on method &quot;delete_confirm_message&quot;" source="Squiz.Scope.MethodScope.Missing"/>
 <error line="533" column="80" severity="warning" message="Only string literals should be passed to t() where possible" source="Drupal.Semantics.FunctionCall.NotLiteralString"/>
 <error line="537" column="1" severity="error" message="Whitespace found at end of line" source="Squiz.WhiteSpace.SuperfluousWhitespace.EndLine"/>
 <error line="538" column="4" severity="error" message="Line indented incorrectly; expected 2 spaces, found 3" source="Drupal.WhiteSpace.ScopeIndent.IncorrectExact"/>
 <error line="539" column="1" severity="warning" message="Line exceeds 80 characters; contains 94 characters" source="Drupal.Files.LineLength.TooLong"/>
 <error line="539" column="1" severity="error" message="Expected 4 space(s) before asterisk; 3 found" source="Drupal.Commenting.DocCommentAlignment.SpaceBeforeAsterisk"/>
 <error line="540" column="1" severity="error" message="Expected 4 space(s) before asterisk; 3 found" source="Drupal.Commenting.DocCommentAlignment.SpaceBeforeAsterisk"/>
 <error line="541" column="3" severity="error" message="Visibility must be declared on method &quot;strings&quot;" source="Squiz.Scope.MethodScope.Missing"/>
 <error line="553" column="3" severity="error" message="Method name &quot;backup_migrate_item::get_menu_items&quot; is not in lowerCamel format, it must not contain underscores" source="Drupal.NamingConventions.ValidFunctionName.NotLowerCamel"/>
 <error line="553" column="3" severity="error" message="Visibility must be declared on method &quot;get_menu_items&quot;" source="Squiz.Scope.MethodScope.Missing"/>
 <error line="563" column="51" severity="error" message="Concat operator must be surrounded by spaces" source="Drupal.Strings.ConcatenationSpacing.Missing"/>
 <error line="565" column="47" severity="warning" message="Only string literals should be passed to t() where possible" source="Drupal.Semantics.FunctionCall.NotLiteralString"/>
 <error line="569" column="51" severity="error" message="Concat operator must be surrounded by spaces" source="Drupal.Strings.ConcatenationSpacing.Missing"/>
 <error line="571" column="47" severity="warning" message="Only string literals should be passed to t() where possible" source="Drupal.Semantics.FunctionCall.NotLiteralString"/>
 <error line="578" column="51" severity="error" message="Concat operator must be surrounded by spaces" source="Drupal.Strings.ConcatenationSpacing.Missing"/>
 <error line="580" column="47" severity="warning" message="Only string literals should be passed to t() where possible" source="Drupal.Semantics.FunctionCall.NotLiteralString"/>
 <error line="586" column="51" severity="error" message="Concat operator must be surrounded by spaces" source="Drupal.Strings.ConcatenationSpacing.Missing"/>
 <error line="588" column="47" severity="warning" message="Only string literals should be passed to t() where possible" source="Drupal.Semantics.FunctionCall.NotLiteralString"/>
 <error line="594" column="51" severity="error" message="Concat operator must be surrounded by spaces" source="Drupal.Strings.ConcatenationSpacing.Missing"/>
 <error line="596" column="47" severity="warning" message="Only string literals should be passed to t() where possible" source="Drupal.Semantics.FunctionCall.NotLiteralString"/>
 <error line="607" column="1" severity="warning" message="Line exceeds 80 characters; contains 127 characters" source="Drupal.Files.LineLength.TooLong"/>
 <error line="609" column="3" severity="error" message="Visibility must be declared on method &quot;create&quot;" source="Squiz.Scope.MethodScope.Missing"/>
 <error line="617" column="3" severity="error" message="Method name &quot;backup_migrate_item::all_items&quot; is not in lowerCamel format, it must not contain underscores" source="Drupal.NamingConventions.ValidFunctionName.NotLowerCamel"/>
 <error line="617" column="3" severity="error" message="Visibility must be declared on method &quot;all_items&quot;" source="Squiz.Scope.MethodScope.Missing"/>
 <error line="627" column="5" severity="warning" message="Line exceeds 80 characters; contains 97 characters" source="Drupal.Files.LineLength.TooLong"/>
 <error line="628" column="17" severity="error" message="A cast statement must be followed by a single space" source="Generic.Formatting.SpaceAfterCast.NoSpace"/>
 <error line="628" column="53" severity="error" message="Concat operator must be surrounded by spaces" source="Drupal.Strings.ConcatenationSpacing.Missing"/>
 <error line="645" column="5" severity="warning" message="Line exceeds 80 characters; contains 101 characters" source="Drupal.Files.LineLength.TooLong"/>
 <error line="646" column="5" severity="warning" message="Line exceeds 80 characters; contains 102 characters" source="Drupal.Files.LineLength.TooLong"/>
 <error line="656" column="3" severity="error" message="Visibility must be declared on method &quot;item&quot;" source="Squiz.Scope.MethodScope.Missing"/>
</file>
<file name="/Applications/MAMP/htdocs/drupal-test/sites/all/modules/backup_migrate/includes/destinations.browser.inc">
 <error line="14" column="1" severity="error" message="Class name must begin with a capital letter" source="Drupal.NamingConventions.ValidClassName.StartWithCaptial"/>
 <error line="14" column="1" severity="error" message="Class name must use UpperCamel naming without underscores" source="Drupal.NamingConventions.ValidClassName.NoUnderscores"/>
 <error line="17" column="6" severity="error" message="Whitespace found at end of line" source="Squiz.WhiteSpace.SuperfluousWhitespace.EndLine"/>
 <error line="18" column="3" severity="error" message="Method name &quot;backup_migrate_destination_browser::get_list_row&quot; is not in lowerCamel format, it must not contain underscores" source="Drupal.NamingConventions.ValidFunctionName.NotLowerCamel"/>
 <error line="18" column="3" severity="error" message="Visibility must be declared on method &quot;get_list_row&quot;" source="Squiz.Scope.MethodScope.Missing"/>
 <error line="29" column="1" severity="error" message="Class name must begin with a capital letter" source="Drupal.NamingConventions.ValidClassName.StartWithCaptial"/>
 <error line="29" column="1" severity="error" message="Class name must use UpperCamel naming without underscores" source="Drupal.NamingConventions.ValidClassName.NoUnderscores"/>
 <error line="30" column="7" severity="error" message="Class property $supported_ops should use lowerCamel naming without underscores" source="Drupal.NamingConventions.ValidVariableName.LowerCamelName"/>
 <error line="30" column="7" severity="error" message="The var keyword must not be used to declare a property" source="PSR2.Classes.PropertyDeclaration.VarUsed"/>
 <error line="30" column="7" severity="error" message="Visibility must be declared on property &quot;$supported_ops&quot;" source="PSR2.Classes.PropertyDeclaration.ScopeMissing"/>
 <error line="31" column="3" severity="error" message="Missing function doc comment" source="Drupal.Commenting.FunctionComment.Missing"/>
 <error line="31" column="3" severity="error" message="Visibility must be declared on method &quot;__construct&quot;" source="Squiz.Scope.MethodScope.Missing"/>
 <error line="41" column="3" severity="error" message="Method name &quot;backup_migrate_destination_browser_upload::load_file&quot; is not in lowerCamel format, it must not contain underscores" source="Drupal.NamingConventions.ValidFunctionName.NotLowerCamel"/>
 <error line="41" column="3" severity="error" message="Visibility must be declared on method &quot;load_file&quot;" source="Squiz.Scope.MethodScope.Missing"/>
 <error line="57" column="1" severity="error" message="Class name must begin with a capital letter" source="Drupal.NamingConventions.ValidClassName.StartWithCaptial"/>
 <error line="57" column="1" severity="error" message="Class name must use UpperCamel naming without underscores" source="Drupal.NamingConventions.ValidClassName.NoUnderscores"/>
 <error line="58" column="7" severity="error" message="Class property $supported_ops should use lowerCamel naming without underscores" source="Drupal.NamingConventions.ValidVariableName.LowerCamelName"/>
 <error line="58" column="7" severity="error" message="The var keyword must not be used to declare a property" source="PSR2.Classes.PropertyDeclaration.VarUsed"/>
 <error line="58" column="7" severity="error" message="Visibility must be declared on property &quot;$supported_ops&quot;" source="PSR2.Classes.PropertyDeclaration.ScopeMissing"/>
 <error line="59" column="3" severity="error" message="Missing function doc comment" source="Drupal.Commenting.FunctionComment.Missing"/>
 <error line="59" column="3" severity="error" message="Visibility must be declared on method &quot;__construct&quot;" source="Squiz.Scope.MethodScope.Missing"/>
 <error line="69" column="3" severity="error" message="Method name &quot;backup_migrate_destination_browser_download::save_file&quot; is not in lowerCamel format, it must not contain underscores" source="Drupal.NamingConventions.ValidFunctionName.NotLowerCamel"/>
 <error line="69" column="3" severity="error" message="Visibility must be declared on method &quot;save_file&quot;" source="Squiz.Scope.MethodScope.Missing"/>
 <error line="74" column="1" severity="error" message="Files must end in a single new line character" source="Drupal.WhiteSpace.FileEnd.FileEnd"/>
</file>
<file name="/Applications/MAMP/htdocs/drupal-test/sites/all/modules/backup_migrate/includes/destinations.db.inc">
 <error line="14" column="1" severity="error" message="Class name must begin with a capital letter" source="Drupal.NamingConventions.ValidClassName.StartWithCaptial"/>
 <error line="14" column="1" severity="error" message="Class name must use UpperCamel naming without underscores" source="Drupal.NamingConventions.ValidClassName.NoUnderscores"/>
 <error line="15" column="7" severity="error" message="Class property $supported_ops should use lowerCamel naming without underscores" source="Drupal.NamingConventions.ValidVariableName.LowerCamelName"/>
 <error line="15" column="7" severity="error" message="The var keyword must not be used to declare a property" source="PSR2.Classes.PropertyDeclaration.VarUsed"/>
 <error line="15" column="7" severity="error" message="Visibility must be declared on property &quot;$supported_ops&quot;" source="PSR2.Classes.PropertyDeclaration.ScopeMissing"/>
 <error line="15" column="24" severity="error" message="If the line declaring an array spans longer than 80 characters, each element should be broken into its own line" source="Drupal.Array.Array.LongLineDeclaration"/>
 <error line="16" column="7" severity="error" message="Class property $db_target should use lowerCamel naming without underscores" source="Drupal.NamingConventions.ValidVariableName.LowerCamelName"/>
 <error line="16" column="7" severity="error" message="The var keyword must not be used to declare a property" source="PSR2.Classes.PropertyDeclaration.VarUsed"/>
 <error line="16" column="7" severity="error" message="Visibility must be declared on property &quot;$db_target&quot;" source="PSR2.Classes.PropertyDeclaration.ScopeMissing"/>
 <error line="17" column="7" severity="error" message="The var keyword must not be used to declare a property" source="PSR2.Classes.PropertyDeclaration.VarUsed"/>
 <error line="17" column="7" severity="error" message="Visibility must be declared on property &quot;$connection&quot;" source="PSR2.Classes.PropertyDeclaration.ScopeMissing"/>
 <error line="17" column="21" severity="error" message="TRUE, FALSE and NULL must be uppercase; expected &quot;NULL&quot; but found &quot;null&quot;" source="Generic.PHP.UpperCaseConstant.Found"/>
 <error line="20" column="3" severity="error" message="Missing function doc comment" source="Drupal.Commenting.FunctionComment.Missing"/>
 <error line="20" column="3" severity="error" message="Method name &quot;backup_migrate_destination_db::type_name&quot; is not in lowerCamel format, it must not contain underscores" source="Drupal.NamingConventions.ValidFunctionName.NotLowerCamel"/>
 <error line="20" column="3" severity="error" message="Visibility must be declared on method &quot;type_name&quot;" source="Squiz.Scope.MethodScope.Missing"/>
 <error line="27" column="3" severity="error" message="Method name &quot;backup_migrate_destination_db::save_file&quot; is not in lowerCamel format, it must not contain underscores" source="Drupal.NamingConventions.ValidFunctionName.NotLowerCamel"/>
 <error line="27" column="3" severity="error" message="Visibility must be declared on method &quot;save_file&quot;" source="Squiz.Scope.MethodScope.Missing"/>
 <error line="30" column="5" severity="warning" message="Line exceeds 80 characters; contains 105 characters" source="Drupal.Files.LineLength.TooLong"/>
 <error line="30" column="5" severity="error" message="Whitespace found at end of line" source="Squiz.WhiteSpace.SuperfluousWhitespace.EndLine"/>
 <error line="43" column="3" severity="error" message="Method name &quot;backup_migrate_destination_db::edit_form&quot; is not in lowerCamel format, it must not contain underscores" source="Drupal.NamingConventions.ValidFunctionName.NotLowerCamel"/>
 <error line="43" column="3" severity="error" message="Visibility must be declared on method &quot;edit_form&quot;" source="Squiz.Scope.MethodScope.Missing"/>
 <error line="46" column="1" severity="warning" message="Line exceeds 80 characters; contains 86 characters" source="Drupal.Files.LineLength.TooLong"/>
 <error line="46" column="1" severity="error" message="Line indented incorrectly; expected 4 spaces, found 0" source="Drupal.WhiteSpace.ScopeIndent.IncorrectExact"/>
 <error line="46" column="1" severity="error" message="4 spaces found before inline comment; expected &quot;// $form['scheme']['#options'] = array($GLOBALS['db_type'] =&gt; $GLOBALS['db_type']);&quot; but found &quot;//    $form['scheme']['#options'] = array($GLOBALS['db_type'] =&gt; $GLOBALS['db_type']);&quot;" source="Drupal.Commenting.InlineComment.SpacingBefore"/>
 <error line="57" column="3" severity="error" message="Method name &quot;backup_migrate_destination_db::edit_form_validate&quot; is not in lowerCamel format, it must not contain underscores" source="Drupal.NamingConventions.ValidFunctionName.NotLowerCamel"/>
 <error line="57" column="3" severity="error" message="Visibility must be declared on method &quot;edit_form_validate&quot;" source="Squiz.Scope.MethodScope.Missing"/>
 <error line="67" column="1" severity="warning" message="Line exceeds 80 characters; contains 85 characters" source="Drupal.Files.LineLength.TooLong"/>
 <error line="69" column="1" severity="warning" message="Line exceeds 80 characters; contains 86 characters" source="Drupal.Files.LineLength.TooLong"/>
 <error line="70" column="1" severity="warning" message="Line exceeds 80 characters; contains 91 characters" source="Drupal.Files.LineLength.TooLong"/>
 <error line="72" column="3" severity="error" message="Method name &quot;backup_migrate_destination_db::backup_settings_default&quot; is not in lowerCamel format, it must not contain underscores" source="Drupal.NamingConventions.ValidFunctionName.NotLowerCamel"/>
 <error line="72" column="3" severity="error" message="Visibility must be declared on method &quot;backup_settings_default&quot;" source="Squiz.Scope.MethodScope.Missing"/>
 <error line="74" column="9" severity="error" message="Array indentation error, expected 6 spaces but found 8" source="Drupal.Array.Array.ArrayIndentation"/>
 <error line="75" column="9" severity="error" message="Array indentation error, expected 6 spaces but found 8" source="Drupal.Array.Array.ArrayIndentation"/>
 <error line="76" column="9" severity="error" message="Array indentation error, expected 6 spaces but found 8" source="Drupal.Array.Array.ArrayIndentation"/>
 <error line="77" column="9" severity="error" message="Array indentation error, expected 6 spaces but found 8" source="Drupal.Array.Array.ArrayIndentation"/>
 <error line="78" column="9" severity="error" message="Array indentation error, expected 6 spaces but found 8" source="Drupal.Array.Array.ArrayIndentation"/>
 <error line="79" column="9" severity="error" message="Array indentation error, expected 6 spaces but found 8" source="Drupal.Array.Array.ArrayIndentation"/>
 <error line="80" column="9" severity="error" message="Array indentation error, expected 6 spaces but found 8" source="Drupal.Array.Array.ArrayIndentation"/>
 <error line="81" column="9" severity="error" message="Array indentation error, expected 6 spaces but found 8" source="Drupal.Array.Array.ArrayIndentation"/>
 <error line="82" column="9" severity="error" message="Array indentation error, expected 6 spaces but found 8" source="Drupal.Array.Array.ArrayIndentation"/>
 <error line="83" column="9" severity="error" message="Array indentation error, expected 6 spaces but found 8" source="Drupal.Array.Array.ArrayIndentation"/>
 <error line="84" column="9" severity="error" message="Array indentation error, expected 6 spaces but found 8" source="Drupal.Array.Array.ArrayIndentation"/>
 <error line="85" column="9" severity="error" message="Array indentation error, expected 6 spaces but found 8" source="Drupal.Array.Array.ArrayIndentation"/>
 <error line="86" column="9" severity="error" message="Array indentation error, expected 6 spaces but found 8" source="Drupal.Array.Array.ArrayIndentation"/>
 <error line="87" column="9" severity="error" message="Array indentation error, expected 6 spaces but found 8" source="Drupal.Array.Array.ArrayIndentation"/>
 <error line="88" column="9" severity="error" message="Array indentation error, expected 6 spaces but found 8" source="Drupal.Array.Array.ArrayIndentation"/>
 <error line="89" column="9" severity="error" message="Array indentation error, expected 6 spaces but found 8" source="Drupal.Array.Array.ArrayIndentation"/>
 <error line="90" column="9" severity="error" message="Array indentation error, expected 6 spaces but found 8" source="Drupal.Array.Array.ArrayIndentation"/>
 <error line="91" column="9" severity="error" message="Array indentation error, expected 6 spaces but found 8" source="Drupal.Array.Array.ArrayIndentation"/>
 <error line="92" column="9" severity="error" message="Array indentation error, expected 6 spaces but found 8" source="Drupal.Array.Array.ArrayIndentation"/>
 <error line="93" column="9" severity="error" message="Array indentation error, expected 6 spaces but found 8" source="Drupal.Array.Array.ArrayIndentation"/>
 <error line="94" column="9" severity="error" message="Array indentation error, expected 6 spaces but found 8" source="Drupal.Array.Array.ArrayIndentation"/>
 <error line="95" column="9" severity="error" message="Array indentation error, expected 6 spaces but found 8" source="Drupal.Array.Array.ArrayIndentation"/>
 <error line="96" column="9" severity="error" message="Array indentation error, expected 6 spaces but found 8" source="Drupal.Array.Array.ArrayIndentation"/>
 <error line="97" column="9" severity="error" message="Array indentation error, expected 6 spaces but found 8" source="Drupal.Array.Array.ArrayIndentation"/>
 <error line="98" column="9" severity="error" message="Array indentation error, expected 6 spaces but found 8" source="Drupal.Array.Array.ArrayIndentation"/>
 <error line="99" column="9" severity="error" message="Array indentation error, expected 6 spaces but found 8" source="Drupal.Array.Array.ArrayIndentation"/>
 <error line="100" column="9" severity="error" message="Array indentation error, expected 6 spaces but found 8" source="Drupal.Array.Array.ArrayIndentation"/>
 <error line="101" column="9" severity="error" message="Array indentation error, expected 6 spaces but found 8" source="Drupal.Array.Array.ArrayIndentation"/>
 <error line="102" column="7" severity="error" message="Array closing indentation error, expected 4 spaces but found 6" source="Drupal.Array.Array.ArrayClosingIndentation"/>
 <error line="104" column="6" severity="error" message="Line indented incorrectly; expected 4 spaces, found 5" source="Drupal.WhiteSpace.ScopeIndent.IncorrectExact"/>
 <error line="105" column="7" severity="error" message="Array indentation error, expected 7 spaces but found 6" source="Drupal.Array.Array.ArrayIndentation"/>
 <error line="106" column="7" severity="error" message="Array indentation error, expected 7 spaces but found 6" source="Drupal.Array.Array.ArrayIndentation"/>
 <error line="107" column="7" severity="error" message="Array indentation error, expected 7 spaces but found 6" source="Drupal.Array.Array.ArrayIndentation"/>
 <error line="108" column="4" severity="error" message="Line indented incorrectly; expected 4 spaces, found 3" source="Drupal.WhiteSpace.ScopeIndent.IncorrectExact"/>
 <error line="108" column="4" severity="error" message="Array closing indentation error, expected 5 spaces but found 3" source="Drupal.Array.Array.ArrayClosingIndentation"/>
 <error line="114" column="3" severity="error" message="Method name &quot;backup_migrate_destination_db::backup_settings_form&quot; is not in lowerCamel format, it must not contain underscores" source="Drupal.NamingConventions.ValidFunctionName.NotLowerCamel"/>
 <error line="114" column="3" severity="error" message="Visibility must be declared on method &quot;backup_settings_form&quot;" source="Squiz.Scope.MethodScope.Missing"/>
 <error line="146" column="3" severity="error" message="Method name &quot;backup_migrate_destination_db::backup_to_file&quot; is not in lowerCamel format, it must not contain underscores" source="Drupal.NamingConventions.ValidFunctionName.NotLowerCamel"/>
 <error line="146" column="3" severity="error" message="Visibility must be declared on method &quot;backup_to_file&quot;" source="Squiz.Scope.MethodScope.Missing"/>
 <error line="150" column="5" severity="warning" message="There must be no blank line following an inline comment" source="Drupal.Commenting.InlineComment.SpacingAfter"/>
 <error line="150" column="5" severity="error" message="No space before comment text; expected &quot;// $this-&gt;lock_tables($settings);&quot; but found &quot;//$this-&gt;lock_tables($settings);&quot;" source="Drupal.Commenting.InlineComment.NoSpaceBefore"/>
 <error line="155" column="5" severity="error" message="No space before comment text; expected &quot;// $this-&gt;unlock_tables($settings);&quot; but found &quot;//$this-&gt;unlock_tables($settings);&quot;" source="Drupal.Commenting.InlineComment.NoSpaceBefore"/>
 <error line="164" column="3" severity="error" message="Method name &quot;backup_migrate_destination_db::restore_from_file&quot; is not in lowerCamel format, it must not contain underscores" source="Drupal.NamingConventions.ValidFunctionName.NotLowerCamel"/>
 <error line="164" column="3" severity="error" message="Visibility must be declared on method &quot;restore_from_file&quot;" source="Squiz.Scope.MethodScope.Missing"/>
 <error line="167" column="5" severity="warning" message="Line exceeds 80 characters; contains 118 characters" source="Drupal.Files.LineLength.TooLong"/>
 <error line="186" column="3" severity="error" message="Method name &quot;backup_migrate_destination_db::_get_db_connection&quot; is not in lowerCamel format, it must not contain underscores" source="Drupal.NamingConventions.ValidFunctionName.NotLowerCamel"/>
 <error line="186" column="3" severity="error" message="Visibility must be declared on method &quot;_get_db_connection&quot;" source="Squiz.Scope.MethodScope.Missing"/>
 <error line="200" column="63" severity="error" message="Expected 1 space before &quot;?&quot;; 3 found" source="Drupal.Formatting.SpaceInlineIf.SpacingBefore"/>
 <error line="201" column="63" severity="error" message="Expected 1 space before &quot;?&quot;; 5 found" source="Drupal.Formatting.SpaceInlineIf.SpacingBefore"/>
 <error line="202" column="63" severity="error" message="Expected 1 space before &quot;?&quot;; 5 found" source="Drupal.Formatting.SpaceInlineIf.SpacingBefore"/>
 <error line="203" column="63" severity="error" message="Expected 1 space before &quot;?&quot;; 5 found" source="Drupal.Formatting.SpaceInlineIf.SpacingBefore"/>
 <error line="204" column="63" severity="error" message="Expected 1 space before &quot;?&quot;; 5 found" source="Drupal.Formatting.SpaceInlineIf.SpacingBefore"/>
 <error line="205" column="63" severity="error" message="Expected 1 space before &quot;?&quot;; 5 found" source="Drupal.Formatting.SpaceInlineIf.SpacingBefore"/>
 <error line="205" column="96" severity="error" message="Whitespace found at end of line" source="Squiz.WhiteSpace.SuperfluousWhitespace.EndLine"/>
 <error line="226" column="3" severity="error" message="Method name &quot;backup_migrate_destination_db::_backup_db_to_file&quot; is not in lowerCamel format, it must not contain underscores" source="Drupal.NamingConventions.ValidFunctionName.NotLowerCamel"/>
 <error line="226" column="3" severity="error" message="Visibility must be declared on method &quot;_backup_db_to_file&quot;" source="Squiz.Scope.MethodScope.Missing"/>
 <error line="233" column="3" severity="error" message="Method name &quot;backup_migrate_destination_db::_restore_db_from_file&quot; is not in lowerCamel format, it must not contain underscores" source="Drupal.NamingConventions.ValidFunctionName.NotLowerCamel"/>
 <error line="233" column="3" severity="error" message="Visibility must be declared on method &quot;_restore_db_from_file&quot;" source="Squiz.Scope.MethodScope.Missing"/>
 <error line="240" column="3" severity="error" message="Method name &quot;backup_migrate_destination_db::get_object_names&quot; is not in lowerCamel format, it must not contain underscores" source="Drupal.NamingConventions.ValidFunctionName.NotLowerCamel"/>
 <error line="240" column="3" severity="error" message="Visibility must be declared on method &quot;get_object_names&quot;" source="Squiz.Scope.MethodScope.Missing"/>
 <error line="252" column="3" severity="error" message="Method name &quot;backup_migrate_destination_db::get_table_names&quot; is not in lowerCamel format, it must not contain underscores" source="Drupal.NamingConventions.ValidFunctionName.NotLowerCamel"/>
 <error line="252" column="3" severity="error" message="Visibility must be declared on method &quot;get_table_names&quot;" source="Squiz.Scope.MethodScope.Missing"/>
 <error line="261" column="3" severity="error" message="Method name &quot;backup_migrate_destination_db::_get_table_names&quot; is not in lowerCamel format, it must not contain underscores" source="Drupal.NamingConventions.ValidFunctionName.NotLowerCamel"/>
 <error line="261" column="3" severity="error" message="Visibility must be declared on method &quot;_get_table_names&quot;" source="Squiz.Scope.MethodScope.Missing"/>
 <error line="269" column="3" severity="error" message="Method name &quot;backup_migrate_destination_db::lock_tables&quot; is not in lowerCamel format, it must not contain underscores" source="Drupal.NamingConventions.ValidFunctionName.NotLowerCamel"/>
 <error line="269" column="3" severity="error" message="Visibility must be declared on method &quot;lock_tables&quot;" source="Squiz.Scope.MethodScope.Missing"/>
 <error line="273" column="9" severity="warning" message="Line exceeds 80 characters; contains 110 characters" source="Drupal.Files.LineLength.TooLong"/>
 <error line="274" column="78" severity="error" message="A cast statement must be followed by a single space" source="Generic.Formatting.SpaceAfterCast.NoSpace"/>
 <error line="285" column="3" severity="error" message="Method name &quot;backup_migrate_destination_db::_lock_tables&quot; is not in lowerCamel format, it must not contain underscores" source="Drupal.NamingConventions.ValidFunctionName.NotLowerCamel"/>
 <error line="285" column="3" severity="error" message="Visibility must be declared on method &quot;_lock_tables&quot;" source="Squiz.Scope.MethodScope.Missing"/>
 <error line="292" column="3" severity="error" message="Method name &quot;backup_migrate_destination_db::unlock_tables&quot; is not in lowerCamel format, it must not contain underscores" source="Drupal.NamingConventions.ValidFunctionName.NotLowerCamel"/>
 <error line="292" column="3" severity="error" message="Visibility must be declared on method &quot;unlock_tables&quot;" source="Squiz.Scope.MethodScope.Missing"/>
 <error line="301" column="3" severity="error" message="Method name &quot;backup_migrate_destination_db::_unlock_tables&quot; is not in lowerCamel format, it must not contain underscores" source="Drupal.NamingConventions.ValidFunctionName.NotLowerCamel"/>
 <error line="301" column="3" severity="error" message="Visibility must be declared on method &quot;_unlock_tables&quot;" source="Squiz.Scope.MethodScope.Missing"/>
 <error line="308" column="3" severity="error" message="Method name &quot;backup_migrate_destination_db::get_file_type_id&quot; is not in lowerCamel format, it must not contain underscores" source="Drupal.NamingConventions.ValidFunctionName.NotLowerCamel"/>
 <error line="308" column="3" severity="error" message="Visibility must be declared on method &quot;get_file_type_id&quot;" source="Squiz.Scope.MethodScope.Missing"/>
</file>
<file name="/Applications/MAMP/htdocs/drupal-test/sites/all/modules/backup_migrate/includes/destinations.db.mysql.inc">
 <error line="2" column="1" severity="error" message="Missing file doc comment" source="Drupal.Commenting.FileComment.Missing"/>
 <error line="16" column="1" severity="error" message="Class name must begin with a capital letter" source="Drupal.NamingConventions.ValidClassName.StartWithCaptial"/>
 <error line="16" column="1" severity="error" message="Class name must use UpperCamel naming without underscores" source="Drupal.NamingConventions.ValidClassName.NoUnderscores"/>
 <error line="17" column="3" severity="error" message="Missing function doc comment" source="Drupal.Commenting.FunctionComment.Missing"/>
 <error line="17" column="3" severity="error" message="Method name &quot;backup_migrate_destination_db_mysql::type_name&quot; is not in lowerCamel format, it must not contain underscores" source="Drupal.NamingConventions.ValidFunctionName.NotLowerCamel"/>
 <error line="17" column="3" severity="error" message="Visibility must be declared on method &quot;type_name&quot;" source="Squiz.Scope.MethodScope.Missing"/>
 <error line="24" column="3" severity="error" message="Method name &quot;backup_migrate_destination_db_mysql::file_types&quot; is not in lowerCamel format, it must not contain underscores" source="Drupal.NamingConventions.ValidFunctionName.NotLowerCamel"/>
 <error line="24" column="3" severity="error" message="Visibility must be declared on method &quot;file_types&quot;" source="Squiz.Scope.MethodScope.Missing"/>
 <error line="42" column="1" severity="warning" message="Line exceeds 80 characters; contains 92 characters" source="Drupal.Files.LineLength.TooLong"/>
 <error line="44" column="3" severity="error" message="Visibility must be declared on method &quot;destinations&quot;" source="Squiz.Scope.MethodScope.Missing"/>
 <error line="47" column="14" severity="error" message="A cast statement must be followed by a single space" source="Generic.Formatting.SpaceAfterCast.NoSpace"/>
 <error line="48" column="16" severity="error" message="A cast statement must be followed by a single space" source="Generic.Formatting.SpaceAfterCast.NoSpace"/>
 <error line="54" column="13" severity="warning" message="Line exceeds 80 characters; contains 100 characters" source="Drupal.Files.LineLength.TooLong"/>
 <error line="58" column="15" severity="warning" message="Line exceeds 80 characters; contains 112 characters" source="Drupal.Files.LineLength.TooLong"/>
 <error line="63" column="41" severity="error" message="Concat operator must be surrounded by spaces" source="Drupal.Strings.ConcatenationSpacing.Missing"/>
 <error line="64" column="43" severity="error" message="Concat operator must be surrounded by spaces" source="Drupal.Strings.ConcatenationSpacing.Missing"/>
 <error line="64" column="48" severity="error" message="Concat operator must be surrounded by spaces" source="Drupal.Strings.ConcatenationSpacing.Missing"/>
 <error line="77" column="3" severity="error" message="Method name &quot;backup_migrate_destination_db_mysql::get_file_type_id&quot; is not in lowerCamel format, it must not contain underscores" source="Drupal.NamingConventions.ValidFunctionName.NotLowerCamel"/>
 <error line="77" column="3" severity="error" message="Visibility must be declared on method &quot;get_file_type_id&quot;" source="Squiz.Scope.MethodScope.Missing"/>
 <error line="84" column="3" severity="error" message="Method name &quot;backup_migrate_destination_db_mysql::backup_settings_form&quot; is not in lowerCamel format, it must not contain underscores" source="Drupal.NamingConventions.ValidFunctionName.NotLowerCamel"/>
 <error line="84" column="3" severity="error" message="Visibility must be declared on method &quot;backup_settings_form&quot;" source="Squiz.Scope.MethodScope.Missing"/>
 <error line="103" column="1" severity="warning" message="Line exceeds 80 characters; contains 84 characters" source="Drupal.Files.LineLength.TooLong"/>
 <error line="105" column="3" severity="error" message="Method name &quot;backup_migrate_destination_db_mysql::_backup_db_to_file&quot; is not in lowerCamel format, it must not contain underscores" source="Drupal.NamingConventions.ValidFunctionName.NotLowerCamel"/>
 <error line="105" column="3" severity="error" message="Visibility must be declared on method &quot;_backup_db_to_file&quot;" source="Squiz.Scope.MethodScope.Missing"/>
 <error line="151" column="3" severity="error" message="Method name &quot;backup_migrate_destination_db_mysql::_backup_db_to_file_mysqldump&quot; is not in lowerCamel format, it must not contain underscores" source="Drupal.NamingConventions.ValidFunctionName.NotLowerCamel"/>
 <error line="151" column="3" severity="error" message="Visibility must be declared on method &quot;_backup_db_to_file_mysqldump&quot;" source="Squiz.Scope.MethodScope.Missing"/>
 <error line="155" column="1" severity="error" message="Functions must not contain multiple empty lines in a row; found 2 empty lines" source="Squiz.WhiteSpace.SuperfluousWhitespace.EmptyLines"/>
 <error line="170" column="16" severity="error" message="A cast statement must be followed by a single space" source="Generic.Formatting.SpaceAfterCast.NoSpace"/>
 <error line="172" column="41" severity="error" message="Concat operator must be surrounded by spaces" source="Drupal.Strings.ConcatenationSpacing.Missing"/>
 <error line="172" column="47" severity="error" message="Concat operator must be surrounded by spaces" source="Drupal.Strings.ConcatenationSpacing.Missing"/>
 <error line="172" column="51" severity="error" message="Concat operator must be surrounded by spaces" source="Drupal.Strings.ConcatenationSpacing.Missing"/>
 <error line="177" column="16" severity="error" message="A cast statement must be followed by a single space" source="Generic.Formatting.SpaceAfterCast.NoSpace"/>
 <error line="180" column="41" severity="error" message="Concat operator must be surrounded by spaces" source="Drupal.Strings.ConcatenationSpacing.Missing"/>
 <error line="180" column="47" severity="error" message="Concat operator must be surrounded by spaces" source="Drupal.Strings.ConcatenationSpacing.Missing"/>
 <error line="180" column="51" severity="error" message="Concat operator must be surrounded by spaces" source="Drupal.Strings.ConcatenationSpacing.Missing"/>
 <error line="198" column="3" severity="error" message="Method name &quot;backup_migrate_destination_db_mysql::_restore_db_from_file&quot; is not in lowerCamel format, it must not contain underscores" source="Drupal.NamingConventions.ValidFunctionName.NotLowerCamel"/>
 <error line="198" column="3" severity="error" message="Visibility must be declared on method &quot;_restore_db_from_file&quot;" source="Squiz.Scope.MethodScope.Missing"/>
 <error line="208" column="11" severity="warning" message="Line exceeds 80 characters; contains 109 characters" source="Drupal.Files.LineLength.TooLong"/>
 <error line="228" column="1" severity="warning" message="Line exceeds 80 characters; contains 87 characters" source="Drupal.Files.LineLength.TooLong"/>
 <error line="230" column="3" severity="error" message="Method name &quot;backup_migrate_destination_db_mysql::_read_sql_command_from_file&quot; is not in lowerCamel format, it must not contain underscores" source="Drupal.NamingConventions.ValidFunctionName.NotLowerCamel"/>
 <error line="230" column="3" severity="error" message="Visibility must be declared on method &quot;_read_sql_command_from_file&quot;" source="Squiz.Scope.MethodScope.Missing"/>
 <error line="249" column="3" severity="error" message="Method name &quot;backup_migrate_destination_db_mysql::_get_table_names&quot; is not in lowerCamel format, it must not contain underscores" source="Drupal.NamingConventions.ValidFunctionName.NotLowerCamel"/>
 <error line="249" column="3" severity="error" message="Visibility must be declared on method &quot;_get_table_names&quot;" source="Squiz.Scope.MethodScope.Missing"/>
 <error line="260" column="3" severity="error" message="Method name &quot;backup_migrate_destination_db_mysql::_get_view_names&quot; is not in lowerCamel format, it must not contain underscores" source="Drupal.NamingConventions.ValidFunctionName.NotLowerCamel"/>
 <error line="260" column="3" severity="error" message="Visibility must be declared on method &quot;_get_view_names&quot;" source="Squiz.Scope.MethodScope.Missing"/>
 <error line="271" column="3" severity="error" message="Method name &quot;backup_migrate_destination_db_mysql::_lock_tables&quot; is not in lowerCamel format, it must not contain underscores" source="Drupal.NamingConventions.ValidFunctionName.NotLowerCamel"/>
 <error line="271" column="3" severity="error" message="Visibility must be declared on method &quot;_lock_tables&quot;" source="Squiz.Scope.MethodScope.Missing"/>
 <error line="275" column="32" severity="error" message="Concat operator must be surrounded by spaces" source="Drupal.Strings.ConcatenationSpacing.Missing"/>
 <error line="275" column="58" severity="error" message="Concat operator must be surrounded by spaces" source="Drupal.Strings.ConcatenationSpacing.Missing"/>
 <error line="277" column="34" severity="error" message="Concat operator must be surrounded by spaces" source="Drupal.Strings.ConcatenationSpacing.Missing"/>
 <error line="284" column="3" severity="error" message="Method name &quot;backup_migrate_destination_db_mysql::_unlock_tables&quot; is not in lowerCamel format, it must not contain underscores" source="Drupal.NamingConventions.ValidFunctionName.NotLowerCamel"/>
 <error line="284" column="3" severity="error" message="Visibility must be declared on method &quot;_unlock_tables&quot;" source="Squiz.Scope.MethodScope.Missing"/>
 <error line="291" column="3" severity="error" message="Method name &quot;backup_migrate_destination_db_mysql::_get_tables&quot; is not in lowerCamel format, it must not contain underscores" source="Drupal.NamingConventions.ValidFunctionName.NotLowerCamel"/>
 <error line="291" column="3" severity="error" message="Visibility must be declared on method &quot;_get_tables&quot;" source="Squiz.Scope.MethodScope.Missing"/>
 <error line="293" column="5" severity="error" message="Inline comments must start with a capital letter" source="Drupal.Commenting.InlineComment.NotCapital"/>
 <error line="293" column="5" severity="error" message="Inline comments must end in full-stops, exclamation marks, or question marks" source="Drupal.Commenting.InlineComment.InvalidEndChar"/>
 <error line="296" column="7" severity="warning" message="Line exceeds 80 characters; contains 107 characters" source="Drupal.Files.LineLength.TooLong"/>
 <error line="309" column="3" severity="error" message="Method name &quot;backup_migrate_destination_db_mysql::_get_views&quot; is not in lowerCamel format, it must not contain underscores" source="Drupal.NamingConventions.ValidFunctionName.NotLowerCamel"/>
 <error line="309" column="3" severity="error" message="Visibility must be declared on method &quot;_get_views&quot;" source="Squiz.Scope.MethodScope.Missing"/>
 <error line="311" column="5" severity="error" message="Inline comments must start with a capital letter" source="Drupal.Commenting.InlineComment.NotCapital"/>
 <error line="311" column="5" severity="error" message="Inline comments must end in full-stops, exclamation marks, or question marks" source="Drupal.Commenting.InlineComment.InvalidEndChar"/>
 <error line="314" column="7" severity="warning" message="Line exceeds 80 characters; contains 107 characters" source="Drupal.Files.LineLength.TooLong"/>
 <error line="327" column="3" severity="error" message="Method name &quot;backup_migrate_destination_db_mysql::_get_table_structure_sql&quot; is not in lowerCamel format, it must not contain underscores" source="Drupal.NamingConventions.ValidFunctionName.NotLowerCamel"/>
 <error line="327" column="3" severity="error" message="Visibility must be declared on method &quot;_get_table_structure_sql&quot;" source="Squiz.Scope.MethodScope.Missing"/>
 <error line="329" column="49" severity="error" message="Concat operator must be surrounded by spaces" source="Drupal.Strings.ConcatenationSpacing.Missing"/>
 <error line="329" column="66" severity="error" message="Concat operator must be surrounded by spaces" source="Drupal.Strings.ConcatenationSpacing.Missing"/>
 <error line="331" column="7" severity="warning" message="Line exceeds 80 characters; contains 107 characters" source="Drupal.Files.LineLength.TooLong"/>
 <error line="334" column="39" severity="error" message="Concat operator must be surrounded by spaces" source="Drupal.Strings.ConcatenationSpacing.Missing"/>
 <error line="334" column="56" severity="error" message="Concat operator must be surrounded by spaces" source="Drupal.Strings.ConcatenationSpacing.Missing"/>
 <error line="335" column="7" severity="warning" message="Line exceeds 80 characters; contains 95 characters" source="Drupal.Files.LineLength.TooLong"/>
 <error line="338" column="35" severity="error" message="Concat operator must be surrounded by spaces" source="Drupal.Strings.ConcatenationSpacing.Missing"/>
 <error line="344" column="1" severity="error" message="Whitespace found at end of line" source="Squiz.WhiteSpace.SuperfluousWhitespace.EndLine"/>
 <error line="348" column="3" severity="error" message="Method name &quot;backup_migrate_destination_db_mysql::_get_view_create_sql&quot; is not in lowerCamel format, it must not contain underscores" source="Drupal.NamingConventions.ValidFunctionName.NotLowerCamel"/>
 <error line="348" column="3" severity="error" message="Visibility must be declared on method &quot;_get_view_create_sql&quot;" source="Squiz.Scope.MethodScope.Missing"/>
 <error line="350" column="5" severity="warning" message="Line exceeds 80 characters; contains 122 characters" source="Drupal.Files.LineLength.TooLong"/>
 <error line="350" column="5" severity="error" message="Inline comments must end in full-stops, exclamation marks, or question marks" source="Drupal.Commenting.InlineComment.InvalidEndChar"/>
 <error line="356" column="38" severity="error" message="Concat operator must be surrounded by spaces" source="Drupal.Strings.ConcatenationSpacing.Missing"/>
 <error line="356" column="54" severity="error" message="Concat operator must be surrounded by spaces" source="Drupal.Strings.ConcatenationSpacing.Missing"/>
 <error line="365" column="1" severity="error" message="Function comment short description must start with exactly one space" source="Drupal.Commenting.FunctionComment.ShortStartSpace"/>
 <error line="365" column="1" severity="error" message="Function comment short description must end with a full stop" source="Drupal.Commenting.FunctionComment.ShortFullStop"/>
 <error line="367" column="3" severity="error" message="Method name &quot;backup_migrate_destination_db_mysql::_dump_table_data_sql_to_file&quot; is not in lowerCamel format, it must not contain underscores" source="Drupal.NamingConventions.ValidFunctionName.NotLowerCamel"/>
 <error line="367" column="3" severity="error" message="Visibility must be declared on method &quot;_dump_table_data_sql_to_file&quot;" source="Squiz.Scope.MethodScope.Missing"/>
 <error line="370" column="1" severity="error" message="Whitespace found at end of line" source="Squiz.WhiteSpace.SuperfluousWhitespace.EndLine"/>
 <error line="372" column="43" severity="error" message="Concat operator must be surrounded by spaces" source="Drupal.Strings.ConcatenationSpacing.Missing"/>
 <error line="372" column="60" severity="error" message="Concat operator must be surrounded by spaces" source="Drupal.Strings.ConcatenationSpacing.Missing"/>
 <error line="375" column="5" severity="error" message="Inline comments must end in full-stops, exclamation marks, or question marks" source="Drupal.Commenting.InlineComment.InvalidEndChar"/>
 <error line="378" column="1" severity="error" message="Whitespace found at end of line" source="Squiz.WhiteSpace.SuperfluousWhitespace.EndLine"/>
 <error line="384" column="50" severity="error" message="Concat operator must be surrounded by spaces" source="Drupal.Strings.ConcatenationSpacing.Missing"/>
 <error line="384" column="91" severity="error" message="Concat operator must be surrounded by spaces" source="Drupal.Strings.ConcatenationSpacing.Missing"/>
 <error line="386" column="1" severity="error" message="Whitespace found at end of line" source="Squiz.WhiteSpace.SuperfluousWhitespace.EndLine"/>
 <error line="391" column="39" severity="error" message="Concat operator must be surrounded by spaces" source="Drupal.Strings.ConcatenationSpacing.Missing"/>
 <error line="391" column="56" severity="error" message="Concat operator must be surrounded by spaces" source="Drupal.Strings.ConcatenationSpacing.Missing"/>
 <error line="398" column="1" severity="error" message="Whitespace found at end of line" source="Squiz.WhiteSpace.SuperfluousWhitespace.EndLine"/>
 <error line="401" column="25" severity="error" message="Concat operator must be surrounded by spaces" source="Drupal.Strings.ConcatenationSpacing.Missing"/>
 <error line="401" column="32" severity="error" message="Concat operator must be surrounded by spaces" source="Drupal.Strings.ConcatenationSpacing.Missing"/>
 <error line="404" column="1" severity="error" message="Whitespace found at end of line" source="Squiz.WhiteSpace.SuperfluousWhitespace.EndLine"/>
 <error line="405" column="9" severity="error" message="Inline comments must end in full-stops, exclamation marks, or question marks" source="Drupal.Commenting.InlineComment.InvalidEndChar"/>
 <error line="418" column="1" severity="error" message="Whitespace found at end of line" source="Squiz.WhiteSpace.SuperfluousWhitespace.EndLine"/>
 <error line="425" column="3" severity="error" message="Method name &quot;backup_migrate_destination_db_mysql::_get_db_connection&quot; is not in lowerCamel format, it must not contain underscores" source="Drupal.NamingConventions.ValidFunctionName.NotLowerCamel"/>
 <error line="425" column="3" severity="error" message="Visibility must be declared on method &quot;_get_db_connection&quot;" source="Squiz.Scope.MethodScope.Missing"/>
 <error line="428" column="7" severity="warning" message="Line exceeds 80 characters; contains 116 characters" source="Drupal.Files.LineLength.TooLong"/>
 <error line="437" column="3" severity="error" message="Visibility must be declared on method &quot;query&quot;" source="Squiz.Scope.MethodScope.Missing"/>
 <error line="444" column="1" severity="warning" message="Line exceeds 80 characters; contains 83 characters" source="Drupal.Files.LineLength.TooLong"/>
 <error line="444" column="1" severity="error" message="Function comment short description must be on a single line, further text should be a separate paragraph" source="Drupal.Commenting.FunctionComment.ShortSingleLine"/>
 <error line="447" column="3" severity="error" message="Method name &quot;backup_migrate_destination_db_mysql::_get_sql_file_header&quot; is not in lowerCamel format, it must not contain underscores" source="Drupal.NamingConventions.ValidFunctionName.NotLowerCamel"/>
 <error line="447" column="3" severity="error" message="Visibility must be declared on method &quot;_get_sql_file_header&quot;" source="Squiz.Scope.MethodScope.Missing"/>
 <error line="459" column="1" severity="error" message="Whitespace found at end of line" source="Squiz.WhiteSpace.SuperfluousWhitespace.EndLine"/>
 <error line="463" column="3" severity="error" message="Method name &quot;backup_migrate_destination_db_mysql::_get_sql_file_footer&quot; is not in lowerCamel format, it must not contain underscores" source="Drupal.NamingConventions.ValidFunctionName.NotLowerCamel"/>
 <error line="463" column="3" severity="error" message="Visibility must be declared on method &quot;_get_sql_file_footer&quot;" source="Squiz.Scope.MethodScope.Missing"/>
</file>
<file name="/Applications/MAMP/htdocs/drupal-test/sites/all/modules/backup_migrate/includes/destinations.email.inc">
 <error line="14" column="1" severity="error" message="Class name must begin with a capital letter" source="Drupal.NamingConventions.ValidClassName.StartWithCaptial"/>
 <error line="14" column="1" severity="error" message="Class name must use UpperCamel naming without underscores" source="Drupal.NamingConventions.ValidClassName.NoUnderscores"/>
 <error line="15" column="7" severity="error" message="Class property $supported_ops should use lowerCamel naming without underscores" source="Drupal.NamingConventions.ValidVariableName.LowerCamelName"/>
 <error line="15" column="7" severity="error" message="The var keyword must not be used to declare a property" source="PSR2.Classes.PropertyDeclaration.VarUsed"/>
 <error line="15" column="7" severity="error" message="Visibility must be declared on property &quot;$supported_ops&quot;" source="PSR2.Classes.PropertyDeclaration.ScopeMissing"/>
 <error line="20" column="3" severity="error" message="Method name &quot;backup_migrate_destination_email::save_file&quot; is not in lowerCamel format, it must not contain underscores" source="Drupal.NamingConventions.ValidFunctionName.NotLowerCamel"/>
 <error line="20" column="3" severity="error" message="Visibility must be declared on method &quot;save_file&quot;" source="Squiz.Scope.MethodScope.Missing"/>
 <error line="24" column="156" severity="error" message="If the line declaring an array spans longer than 80 characters, each element should be broken into its own line" source="Drupal.Array.Array.LongLineDeclaration"/>
 <error line="37" column="3" severity="error" message="Method name &quot;backup_migrate_destination_email::edit_form&quot; is not in lowerCamel format, it must not contain underscores" source="Drupal.NamingConventions.ValidFunctionName.NotLowerCamel"/>
 <error line="37" column="3" severity="error" message="Visibility must be declared on method &quot;edit_form&quot;" source="Squiz.Scope.MethodScope.Missing"/>
 <error line="52" column="3" severity="error" message="Method name &quot;backup_migrate_destination_email::settings_form_validate&quot; is not in lowerCamel format, it must not contain underscores" source="Drupal.NamingConventions.ValidFunctionName.NotLowerCamel"/>
 <error line="52" column="3" severity="error" message="Visibility must be declared on method &quot;settings_form_validate&quot;" source="Squiz.Scope.MethodScope.Missing"/>
 <error line="59" column="1" severity="error" message="Missing short description in function doc comment" source="Drupal.Commenting.FunctionComment.MissingShort"/>
 <error line="70" column="1" severity="error" message="Missing parameter type at position 1" source="Drupal.Commenting.FunctionComment.MissingParamType"/>
 <error line="75" column="3" severity="error" message="Inline comments must end in full-stops, exclamation marks, or question marks" source="Drupal.Commenting.InlineComment.InvalidEndChar"/>
 <error line="79" column="40" severity="error" message="Concat operator must be surrounded by spaces" source="Drupal.Strings.ConcatenationSpacing.Missing"/>
 <error line="79" column="54" severity="error" message="Concat operator must be surrounded by spaces" source="Drupal.Strings.ConcatenationSpacing.Missing"/>
 <error line="79" column="58" severity="error" message="Concat operator must be surrounded by spaces" source="Drupal.Strings.ConcatenationSpacing.Missing"/>
 <error line="79" column="72" severity="error" message="Concat operator must be surrounded by spaces" source="Drupal.Strings.ConcatenationSpacing.Missing"/>
 <error line="81" column="59" severity="error" message="If the line declaring an array spans longer than 80 characters, each element should be broken into its own line" source="Drupal.Array.Array.LongLineDeclaration"/>
 <error line="82" column="51" severity="error" message="Concat operator must be surrounded by spaces" source="Drupal.Strings.ConcatenationSpacing.Missing"/>
 <error line="88" column="1" severity="error" message="Class name must begin with a capital letter" source="Drupal.NamingConventions.ValidClassName.StartWithCaptial"/>
 <error line="88" column="1" severity="error" message="Class name must use UpperCamel naming without underscores" source="Drupal.NamingConventions.ValidClassName.NoUnderscores"/>
 <error line="89" column="7" severity="error" message="The var keyword must not be used to declare a property" source="PSR2.Classes.PropertyDeclaration.VarUsed"/>
 <error line="89" column="7" severity="error" message="Visibility must be declared on property &quot;$parts&quot;" source="PSR2.Classes.PropertyDeclaration.ScopeMissing"/>
 <error line="90" column="7" severity="error" message="The var keyword must not be used to declare a property" source="PSR2.Classes.PropertyDeclaration.VarUsed"/>
 <error line="90" column="7" severity="error" message="Visibility must be declared on property &quot;$to&quot;" source="PSR2.Classes.PropertyDeclaration.ScopeMissing"/>
 <error line="91" column="7" severity="error" message="The var keyword must not be used to declare a property" source="PSR2.Classes.PropertyDeclaration.VarUsed"/>
 <error line="91" column="7" severity="error" message="Visibility must be declared on property &quot;$from&quot;" source="PSR2.Classes.PropertyDeclaration.ScopeMissing"/>
 <error line="92" column="7" severity="error" message="The var keyword must not be used to declare a property" source="PSR2.Classes.PropertyDeclaration.VarUsed"/>
 <error line="92" column="7" severity="error" message="Visibility must be declared on property &quot;$headers&quot;" source="PSR2.Classes.PropertyDeclaration.ScopeMissing"/>
 <error line="93" column="7" severity="error" message="The var keyword must not be used to declare a property" source="PSR2.Classes.PropertyDeclaration.VarUsed"/>
 <error line="93" column="7" severity="error" message="Visibility must be declared on property &quot;$subject&quot;" source="PSR2.Classes.PropertyDeclaration.ScopeMissing"/>
 <error line="94" column="7" severity="error" message="The var keyword must not be used to declare a property" source="PSR2.Classes.PropertyDeclaration.VarUsed"/>
 <error line="94" column="7" severity="error" message="Visibility must be declared on property &quot;$body&quot;" source="PSR2.Classes.PropertyDeclaration.ScopeMissing"/>
 <error line="96" column="3" severity="error" message="Missing function doc comment" source="Drupal.Commenting.FunctionComment.Missing"/>
 <error line="96" column="3" severity="error" message="Method name &quot;mime_mail::mime_mail&quot; is not in lowerCamel format, it must not contain underscores" source="Drupal.NamingConventions.ValidFunctionName.NotLowerCamel"/>
 <error line="96" column="3" severity="error" message="PHP4 style constructors are not allowed; use &quot;__construct()&quot; instead" source="Generic.NamingConventions.ConstructorName.OldStyle"/>
 <error line="96" column="3" severity="error" message="Visibility must be declared on method &quot;mime_mail&quot;" source="Squiz.Scope.MethodScope.Missing"/>
 <error line="105" column="3" severity="error" message="Missing function doc comment" source="Drupal.Commenting.FunctionComment.Missing"/>
 <error line="105" column="3" severity="error" message="Method name &quot;mime_mail::add_attachment&quot; is not in lowerCamel format, it must not contain underscores" source="Drupal.NamingConventions.ValidFunctionName.NotLowerCamel"/>
 <error line="105" column="3" severity="error" message="Visibility must be declared on method &quot;add_attachment&quot;" source="Squiz.Scope.MethodScope.Missing"/>
 <error line="115" column="3" severity="error" message="Missing function doc comment" source="Drupal.Commenting.FunctionComment.Missing"/>
 <error line="115" column="3" severity="error" message="Method name &quot;mime_mail::build_message&quot; is not in lowerCamel format, it must not contain underscores" source="Drupal.NamingConventions.ValidFunctionName.NotLowerCamel"/>
 <error line="115" column="3" severity="error" message="Visibility must be declared on method &quot;build_message&quot;" source="Squiz.Scope.MethodScope.Missing"/>
 <error line="120" column="28" severity="error" message="Concat operator must be surrounded by spaces" source="Drupal.Strings.ConcatenationSpacing.Missing"/>
 <error line="120" column="77" severity="error" message="Concat operator must be surrounded by spaces" source="Drupal.Strings.ConcatenationSpacing.Missing"/>
 <error line="120" column="93" severity="error" message="Concat operator must be surrounded by spaces" source="Drupal.Strings.ConcatenationSpacing.Missing"/>
 <error line="120" column="105" severity="error" message="Concat operator must be surrounded by spaces" source="Drupal.Strings.ConcatenationSpacing.Missing"/>
 <error line="123" column="3" severity="error" message="Missing function doc comment" source="Drupal.Commenting.FunctionComment.Missing"/>
 <error line="123" column="3" severity="error" message="Method name &quot;mime_mail::build_multipart&quot; is not in lowerCamel format, it must not contain underscores" source="Drupal.NamingConventions.ValidFunctionName.NotLowerCamel"/>
 <error line="123" column="3" severity="error" message="Visibility must be declared on method &quot;build_multipart&quot;" source="Squiz.Scope.MethodScope.Missing"/>
 <error line="124" column="20" severity="error" message="Concat operator must be surrounded by spaces" source="Drupal.Strings.ConcatenationSpacing.Missing"/>
 <error line="126" column="15" severity="error" message="sizeof() is a function name alias, use count() instead" source="Drupal.Semantics.FunctionCall.FunctionAlias"/>
 <error line="127" column="25" severity="error" message="Concat operator must be surrounded by spaces" source="Drupal.Strings.ConcatenationSpacing.Missing"/>
 <error line="127" column="66" severity="error" message="Concat operator must be surrounded by spaces" source="Drupal.Strings.ConcatenationSpacing.Missing"/>
 <error line="132" column="3" severity="error" message="Missing function doc comment" source="Drupal.Commenting.FunctionComment.Missing"/>
 <error line="132" column="3" severity="error" message="Visibility must be declared on method &quot;send&quot;" source="Squiz.Scope.MethodScope.Missing"/>
 <error line="134" column="5" severity="error" message="Inline control structures are not allowed" source="Drupal.ControlStructures.InlineControlStructure.NotAllowed"/>
 <error line="134" column="47" severity="error" message="Concat operator must be surrounded by spaces" source="Drupal.Strings.ConcatenationSpacing.Missing"/>
 <error line="134" column="61" severity="error" message="Concat operator must be surrounded by spaces" source="Drupal.Strings.ConcatenationSpacing.Missing"/>
 <error line="135" column="5" severity="error" message="Inline control structures are not allowed" source="Drupal.ControlStructures.InlineControlStructure.NotAllowed"/>
 <error line="135" column="57" severity="error" message="Concat operator must be surrounded by spaces" source="Drupal.Strings.ConcatenationSpacing.Missing"/>
 <error line="136" column="5" severity="error" message="Inline control structures are not allowed" source="Drupal.ControlStructures.InlineControlStructure.NotAllowed"/>
 <error line="137" column="35" severity="error" message="Concat operator must be surrounded by spaces" source="Drupal.Strings.ConcatenationSpacing.Missing"/>
</file>
<file name="/Applications/MAMP/htdocs/drupal-test/sites/all/modules/backup_migrate/includes/destinations.file.inc">
 <error line="15" column="1" severity="error" message="Class name must begin with a capital letter" source="Drupal.NamingConventions.ValidClassName.StartWithCaptial"/>
 <error line="15" column="1" severity="error" message="Class name must use UpperCamel naming without underscores" source="Drupal.NamingConventions.ValidClassName.NoUnderscores"/>
 <error line="16" column="7" severity="error" message="Class property $supported_ops should use lowerCamel naming without underscores" source="Drupal.NamingConventions.ValidVariableName.LowerCamelName"/>
 <error line="16" column="7" severity="error" message="The var keyword must not be used to declare a property" source="PSR2.Classes.PropertyDeclaration.VarUsed"/>
 <error line="16" column="7" severity="error" message="Visibility must be declared on property &quot;$supported_ops&quot;" source="PSR2.Classes.PropertyDeclaration.ScopeMissing"/>
 <error line="16" column="24" severity="error" message="If the line declaring an array spans longer than 80 characters, each element should be broken into its own line" source="Drupal.Array.Array.LongLineDeclaration"/>
 <error line="18" column="3" severity="error" message="Missing function doc comment" source="Drupal.Commenting.FunctionComment.Missing"/>
 <error line="18" column="3" severity="error" message="Method name &quot;backup_migrate_destination_files::type_name&quot; is not in lowerCamel format, it must not contain underscores" source="Drupal.NamingConventions.ValidFunctionName.NotLowerCamel"/>
 <error line="18" column="3" severity="error" message="Visibility must be declared on method &quot;type_name&quot;" source="Squiz.Scope.MethodScope.Missing"/>
 <error line="25" column="3" severity="error" message="Method name &quot;backup_migrate_destination_files::get_realpath&quot; is not in lowerCamel format, it must not contain underscores" source="Drupal.NamingConventions.ValidFunctionName.NotLowerCamel"/>
 <error line="25" column="3" severity="error" message="Visibility must be declared on method &quot;get_realpath&quot;" source="Squiz.Scope.MethodScope.Missing"/>
 <error line="32" column="3" severity="error" message="Method name &quot;backup_migrate_destination_files::_save_file&quot; is not in lowerCamel format, it must not contain underscores" source="Drupal.NamingConventions.ValidFunctionName.NotLowerCamel"/>
 <error line="32" column="3" severity="error" message="Visibility must be declared on method &quot;_save_file&quot;" source="Squiz.Scope.MethodScope.Missing"/>
 <error line="35" column="38" severity="error" message="Concat operator must be surrounded by spaces" source="Drupal.Strings.ConcatenationSpacing.Missing"/>
 <error line="35" column="42" severity="error" message="Concat operator must be surrounded by spaces" source="Drupal.Strings.ConcatenationSpacing.Missing"/>
 <error line="37" column="1" severity="error" message="Whitespace found at end of line" source="Squiz.WhiteSpace.SuperfluousWhitespace.EndLine"/>
 <error line="61" column="3" severity="error" message="Method name &quot;backup_migrate_destination_files::can_read_file&quot; is not in lowerCamel format, it must not contain underscores" source="Drupal.NamingConventions.ValidFunctionName.NotLowerCamel"/>
 <error line="61" column="3" severity="error" message="Visibility must be declared on method &quot;can_read_file&quot;" source="Squiz.Scope.MethodScope.Missing"/>
 <error line="68" column="3" severity="error" message="Method name &quot;backup_migrate_destination_files::load_file&quot; is not in lowerCamel format, it must not contain underscores" source="Drupal.NamingConventions.ValidFunctionName.NotLowerCamel"/>
 <error line="68" column="3" severity="error" message="Visibility must be declared on method &quot;load_file&quot;" source="Squiz.Scope.MethodScope.Missing"/>
 <error line="79" column="3" severity="error" message="Method name &quot;backup_migrate_destination_files::_list_files&quot; is not in lowerCamel format, it must not contain underscores" source="Drupal.NamingConventions.ValidFunctionName.NotLowerCamel"/>
 <error line="79" column="3" severity="error" message="Visibility must be declared on method &quot;_list_files&quot;" source="Squiz.Scope.MethodScope.Missing"/>
 <error line="85" column="28" severity="error" message="Concat operator must be surrounded by spaces" source="Drupal.Strings.ConcatenationSpacing.Missing"/>
 <error line="85" column="32" severity="error" message="Concat operator must be surrounded by spaces" source="Drupal.Strings.ConcatenationSpacing.Missing"/>
 <error line="96" column="3" severity="error" message="Method name &quot;backup_migrate_destination_files::_delete_file&quot; is not in lowerCamel format, it must not contain underscores" source="Drupal.NamingConventions.ValidFunctionName.NotLowerCamel"/>
 <error line="96" column="3" severity="error" message="Visibility must be declared on method &quot;_delete_file&quot;" source="Squiz.Scope.MethodScope.Missing"/>
 <error line="104" column="3" severity="error" message="Method name &quot;backup_migrate_destination_files::get_filepath&quot; is not in lowerCamel format, it must not contain underscores" source="Drupal.NamingConventions.ValidFunctionName.NotLowerCamel"/>
 <error line="104" column="3" severity="error" message="Visibility must be declared on method &quot;get_filepath&quot;" source="Squiz.Scope.MethodScope.Missing"/>
 <error line="106" column="36" severity="error" message="Concat operator must be surrounded by spaces" source="Drupal.Strings.ConcatenationSpacing.Missing"/>
 <error line="106" column="40" severity="error" message="Concat operator must be surrounded by spaces" source="Drupal.Strings.ConcatenationSpacing.Missing"/>
 <error line="115" column="3" severity="error" message="Method name &quot;backup_migrate_destination_files::edit_form&quot; is not in lowerCamel format, it must not contain underscores" source="Drupal.NamingConventions.ValidFunctionName.NotLowerCamel"/>
 <error line="115" column="3" severity="error" message="Visibility must be declared on method &quot;edit_form&quot;" source="Squiz.Scope.MethodScope.Missing"/>
 <error line="155" column="3" severity="error" message="Method name &quot;backup_migrate_destination_files::edit_form_validate&quot; is not in lowerCamel format, it must not contain underscores" source="Drupal.NamingConventions.ValidFunctionName.NotLowerCamel"/>
 <error line="155" column="3" severity="error" message="Visibility must be declared on method &quot;edit_form_validate&quot;" source="Squiz.Scope.MethodScope.Missing"/>
 <error line="166" column="3" severity="error" message="Method name &quot;backup_migrate_destination_files::edit_form_submit&quot; is not in lowerCamel format, it must not contain underscores" source="Drupal.NamingConventions.ValidFunctionName.NotLowerCamel"/>
 <error line="166" column="3" severity="error" message="Visibility must be declared on method &quot;edit_form_submit&quot;" source="Squiz.Scope.MethodScope.Missing"/>
 <error line="167" column="5" severity="warning" message="Line exceeds 80 characters; contains 87 characters" source="Drupal.Files.LineLength.TooLong"/>
 <error line="177" column="3" severity="error" message="Method name &quot;backup_migrate_destination_files::check_dir&quot; is not in lowerCamel format, it must not contain underscores" source="Drupal.NamingConventions.ValidFunctionName.NotLowerCamel"/>
 <error line="177" column="3" severity="error" message="Visibility must be declared on method &quot;check_dir&quot;" source="Squiz.Scope.MethodScope.Missing"/>
 <error line="183" column="5" severity="warning" message="Line exceeds 80 characters; contains 89 characters" source="Drupal.Files.LineLength.TooLong"/>
 <error line="192" column="1" severity="warning" message="Line exceeds 80 characters; contains 100 characters" source="Drupal.Files.LineLength.TooLong"/>
 <error line="194" column="3" severity="error" message="Method name &quot;backup_migrate_destination_files::check_web_dir&quot; is not in lowerCamel format, it must not contain underscores" source="Drupal.NamingConventions.ValidFunctionName.NotLowerCamel"/>
 <error line="194" column="3" severity="error" message="Visibility must be declared on method &quot;check_web_dir&quot;" source="Squiz.Scope.MethodScope.Missing"/>
 <error line="200" column="5" severity="warning" message="Line exceeds 80 characters; contains 94 characters" source="Drupal.Files.LineLength.TooLong"/>
 <error line="201" column="5" severity="warning" message="Line exceeds 80 characters; contains 102 characters" source="Drupal.Files.LineLength.TooLong"/>
 <error line="206" column="5" severity="error" message="Inline comments must end in full-stops, exclamation marks, or question marks" source="Drupal.Commenting.InlineComment.InvalidEndChar"/>
 <error line="209" column="29" severity="error" message="Concat operator must be surrounded by spaces" source="Drupal.Strings.ConcatenationSpacing.Missing"/>
 <error line="209" column="75" severity="error" message="Concat operator must be surrounded by spaces" source="Drupal.Strings.ConcatenationSpacing.Missing"/>
 <error line="210" column="34" severity="error" message="Concat operator must be surrounded by spaces" source="Drupal.Strings.ConcatenationSpacing.Missing"/>
 <error line="211" column="10" severity="error" message="fputs() is a function name alias, use fwrite() instead" source="Drupal.Semantics.FunctionCall.FunctionAlias"/>
 <error line="223" column="55" severity="error" message="Concat operator must be surrounded by spaces" source="Drupal.Strings.ConcatenationSpacing.Missing"/>
 <error line="232" column="1" severity="warning" message="Line exceeds 80 characters; contains 88 characters" source="Drupal.Files.LineLength.TooLong"/>
 <error line="234" column="3" severity="error" message="Method name &quot;backup_migrate_destination_files::dir_in_webroot&quot; is not in lowerCamel format, it must not contain underscores" source="Drupal.NamingConventions.ValidFunctionName.NotLowerCamel"/>
 <error line="234" column="3" severity="error" message="Visibility must be declared on method &quot;dir_in_webroot&quot;" source="Squiz.Scope.MethodScope.Missing"/>
 <error line="244" column="3" severity="error" message="Method name &quot;backup_migrate_destination_files::test_file_readable_remotely&quot; is not in lowerCamel format, it must not contain underscores" source="Drupal.NamingConventions.ValidFunctionName.NotLowerCamel"/>
 <error line="244" column="3" severity="error" message="Visibility must be declared on method &quot;test_file_readable_remotely&quot;" source="Squiz.Scope.MethodScope.Missing"/>
 <error line="257" column="1" severity="error" message="Class name must begin with a capital letter" source="Drupal.NamingConventions.ValidClassName.StartWithCaptial"/>
 <error line="257" column="1" severity="error" message="Class name must use UpperCamel naming without underscores" source="Drupal.NamingConventions.ValidClassName.NoUnderscores"/>
 <error line="258" column="7" severity="error" message="Class property $supported_ops should use lowerCamel naming without underscores" source="Drupal.NamingConventions.ValidVariableName.LowerCamelName"/>
 <error line="258" column="7" severity="error" message="The var keyword must not be used to declare a property" source="PSR2.Classes.PropertyDeclaration.VarUsed"/>
 <error line="258" column="7" severity="error" message="Visibility must be declared on property &quot;$supported_ops&quot;" source="PSR2.Classes.PropertyDeclaration.ScopeMissing"/>
 <error line="258" column="24" severity="error" message="If the line declaring an array spans longer than 80 characters, each element should be broken into its own line" source="Drupal.Array.Array.LongLineDeclaration"/>
 <error line="259" column="3" severity="error" message="Missing function doc comment" source="Drupal.Commenting.FunctionComment.Missing"/>
 <error line="259" column="3" severity="error" message="Visibility must be declared on method &quot;__construct&quot;" source="Squiz.Scope.MethodScope.Missing"/>
 <error line="268" column="1" severity="error" message="Class name must begin with a capital letter" source="Drupal.NamingConventions.ValidClassName.StartWithCaptial"/>
 <error line="268" column="1" severity="error" message="Class name must use UpperCamel naming without underscores" source="Drupal.NamingConventions.ValidClassName.NoUnderscores"/>
 <error line="269" column="7" severity="error" message="Class property $supported_ops should use lowerCamel naming without underscores" source="Drupal.NamingConventions.ValidVariableName.LowerCamelName"/>
 <error line="269" column="7" severity="error" message="The var keyword must not be used to declare a property" source="PSR2.Classes.PropertyDeclaration.VarUsed"/>
 <error line="269" column="7" severity="error" message="Visibility must be declared on property &quot;$supported_ops&quot;" source="PSR2.Classes.PropertyDeclaration.ScopeMissing"/>
 <error line="269" column="24" severity="error" message="If the line declaring an array spans longer than 80 characters, each element should be broken into its own line" source="Drupal.Array.Array.LongLineDeclaration"/>
 <error line="270" column="3" severity="error" message="Missing function doc comment" source="Drupal.Commenting.FunctionComment.Missing"/>
 <error line="270" column="3" severity="error" message="Visibility must be declared on method &quot;__construct&quot;" source="Squiz.Scope.MethodScope.Missing"/>
</file>
<file name="/Applications/MAMP/htdocs/drupal-test/sites/all/modules/backup_migrate/includes/destinations.ftp.inc">
 <error line="14" column="1" severity="error" message="Class name must begin with a capital letter" source="Drupal.NamingConventions.ValidClassName.StartWithCaptial"/>
 <error line="14" column="1" severity="error" message="Class name must use UpperCamel naming without underscores" source="Drupal.NamingConventions.ValidClassName.NoUnderscores"/>
 <error line="15" column="7" severity="error" message="Class property $supported_ops should use lowerCamel naming without underscores" source="Drupal.NamingConventions.ValidVariableName.LowerCamelName"/>
 <error line="15" column="7" severity="error" message="The var keyword must not be used to declare a property" source="PSR2.Classes.PropertyDeclaration.VarUsed"/>
 <error line="15" column="7" severity="error" message="Visibility must be declared on property &quot;$supported_ops&quot;" source="PSR2.Classes.PropertyDeclaration.ScopeMissing"/>
 <error line="15" column="24" severity="error" message="If the line declaring an array spans longer than 80 characters, each element should be broken into its own line" source="Drupal.Array.Array.LongLineDeclaration"/>
 <error line="16" column="7" severity="error" message="The var keyword must not be used to declare a property" source="PSR2.Classes.PropertyDeclaration.VarUsed"/>
 <error line="16" column="7" severity="error" message="Visibility must be declared on property &quot;$ftp&quot;" source="PSR2.Classes.PropertyDeclaration.ScopeMissing"/>
 <error line="21" column="3" severity="error" message="Method name &quot;backup_migrate_destination_ftp::_save_file&quot; is not in lowerCamel format, it must not contain underscores" source="Drupal.NamingConventions.ValidFunctionName.NotLowerCamel"/>
 <error line="21" column="3" severity="error" message="Visibility must be declared on method &quot;_save_file&quot;" source="Squiz.Scope.MethodScope.Missing"/>
 <error line="32" column="3" severity="error" message="Method name &quot;backup_migrate_destination_ftp::load_file&quot; is not in lowerCamel format, it must not contain underscores" source="Drupal.NamingConventions.ValidFunctionName.NotLowerCamel"/>
 <error line="32" column="3" severity="error" message="Visibility must be declared on method &quot;load_file&quot;" source="Squiz.Scope.MethodScope.Missing"/>
 <error line="45" column="3" severity="error" message="Method name &quot;backup_migrate_destination_ftp::_delete_file&quot; is not in lowerCamel format, it must not contain underscores" source="Drupal.NamingConventions.ValidFunctionName.NotLowerCamel"/>
 <error line="45" column="3" severity="error" message="Visibility must be declared on method &quot;_delete_file&quot;" source="Squiz.Scope.MethodScope.Missing"/>
 <error line="50" column="3" severity="error" message="Missing function doc comment" source="Drupal.Commenting.FunctionComment.Missing"/>
 <error line="50" column="3" severity="error" message="Method name &quot;backup_migrate_destination_ftp::_list_files&quot; is not in lowerCamel format, it must not contain underscores" source="Drupal.NamingConventions.ValidFunctionName.NotLowerCamel"/>
 <error line="50" column="3" severity="error" message="Visibility must be declared on method &quot;_list_files&quot;" source="Squiz.Scope.MethodScope.Missing"/>
 <error line="64" column="3" severity="error" message="Method name &quot;backup_migrate_destination_ftp::edit_form&quot; is not in lowerCamel format, it must not contain underscores" source="Drupal.NamingConventions.ValidFunctionName.NotLowerCamel"/>
 <error line="64" column="3" severity="error" message="Visibility must be declared on method &quot;edit_form&quot;" source="Squiz.Scope.MethodScope.Missing"/>
 <error line="83" column="3" severity="error" message="Missing function doc comment" source="Drupal.Commenting.FunctionComment.Missing"/>
 <error line="83" column="3" severity="error" message="Method name &quot;backup_migrate_destination_ftp::set_pasv&quot; is not in lowerCamel format, it must not contain underscores" source="Drupal.NamingConventions.ValidFunctionName.NotLowerCamel"/>
 <error line="83" column="3" severity="error" message="Visibility must be declared on method &quot;set_pasv&quot;" source="Squiz.Scope.MethodScope.Missing"/>
 <error line="84" column="31" severity="error" message="A cast statement must be followed by a single space" source="Generic.Formatting.SpaceAfterCast.NoSpace"/>
 <error line="87" column="3" severity="error" message="Missing function doc comment" source="Drupal.Commenting.FunctionComment.Missing"/>
 <error line="87" column="3" severity="error" message="Method name &quot;backup_migrate_destination_ftp::get_pasv&quot; is not in lowerCamel format, it must not contain underscores" source="Drupal.NamingConventions.ValidFunctionName.NotLowerCamel"/>
 <error line="87" column="3" severity="error" message="Visibility must be declared on method &quot;get_pasv&quot;" source="Squiz.Scope.MethodScope.Missing"/>
 <error line="91" column="3" severity="error" message="Missing function doc comment" source="Drupal.Commenting.FunctionComment.Missing"/>
 <error line="91" column="3" severity="error" message="Method name &quot;backup_migrate_destination_ftp::ftp_object&quot; is not in lowerCamel format, it must not contain underscores" source="Drupal.NamingConventions.ValidFunctionName.NotLowerCamel"/>
 <error line="91" column="3" severity="error" message="Visibility must be declared on method &quot;ftp_object&quot;" source="Squiz.Scope.MethodScope.Missing"/>
 <error line="101" column="1" severity="warning" message="There must be no blank line following an inline comment" source="Drupal.Commenting.InlineComment.SpacingAfter"/>
 <error line="104" column="1" severity="warning" message="Line exceeds 80 characters; contains 89 characters" source="Drupal.Files.LineLength.TooLong"/>
 <error line="105" column="1" severity="warning" message="There must be no blank line following an inline comment" source="Drupal.Commenting.InlineComment.SpacingAfter"/>
 <error line="111" column="1" severity="warning" message="Line exceeds 80 characters; contains 113 characters" source="Drupal.Files.LineLength.TooLong"/>
 <error line="111" column="1" severity="error" message="Function comment short description must start with exactly one space" source="Drupal.Commenting.FunctionComment.ShortStartSpace"/>
 <error line="111" column="1" severity="error" message="Function comment short description must start with a capital letter" source="Drupal.Commenting.FunctionComment.ShortNotCapital"/>
 <error line="127" column="1" severity="error" message="Function comment short description must be on a single line, further text should be a separate paragraph" source="Drupal.Commenting.FunctionComment.ShortSingleLine"/>
 <error line="127" column="1" severity="error" message="Function comment short description must start with exactly one space" source="Drupal.Commenting.FunctionComment.ShortStartSpace"/>
 <error line="128" column="1" severity="warning" message="Line exceeds 80 characters; contains 98 characters" source="Drupal.Files.LineLength.TooLong"/>
 <error line="132" column="7" severity="error" message="Calls to inbuilt PHP functions must be lowercase; expected &quot;is_null&quot; but found &quot;is_NULL&quot;" source="Squiz.PHP.LowercasePHPFunctions.CallUppercase"/>
 <error line="137" column="5" severity="error" message="Inline comments must end in full-stops, exclamation marks, or question marks" source="Drupal.Commenting.InlineComment.InvalidEndChar"/>
 <error line="145" column="5" severity="error" message="Inline comments must end in full-stops, exclamation marks, or question marks" source="Drupal.Commenting.InlineComment.InvalidEndChar"/>
 <error line="153" column="5" severity="error" message="Inline comments must end in full-stops, exclamation marks, or question marks" source="Drupal.Commenting.InlineComment.InvalidEndChar"/>
 <error line="161" column="5" severity="error" message="Inline comments must end in full-stops, exclamation marks, or question marks" source="Drupal.Commenting.InlineComment.InvalidEndChar"/>
 <error line="171" column="3" severity="error" message="Inline comments must end in full-stops, exclamation marks, or question marks" source="Drupal.Commenting.InlineComment.InvalidEndChar"/>
 <error line="176" column="1" severity="error" message="Function comment short description must be on a single line, further text should be a separate paragraph" source="Drupal.Commenting.FunctionComment.ShortSingleLine"/>
 <error line="177" column="1" severity="warning" message="Line exceeds 80 characters; contains 111 characters" source="Drupal.Files.LineLength.TooLong"/>
 <error line="182" column="3" severity="warning" message="There must be no blank line following an inline comment" source="Drupal.Commenting.InlineComment.SpacingAfter"/>
 <error line="182" column="3" severity="error" message="Inline comments must end in full-stops, exclamation marks, or question marks" source="Drupal.Commenting.InlineComment.InvalidEndChar"/>
 <error line="184" column="7" severity="error" message="Calls to inbuilt PHP functions must be lowercase; expected &quot;is_null&quot; but found &quot;is_NULL&quot;" source="Squiz.PHP.LowercasePHPFunctions.CallUppercase"/>
 <error line="190" column="5" severity="error" message="Inline comments must end in full-stops, exclamation marks, or question marks" source="Drupal.Commenting.InlineComment.InvalidEndChar"/>
 <error line="194" column="5" severity="error" message="Inline comments must end in full-stops, exclamation marks, or question marks" source="Drupal.Commenting.InlineComment.InvalidEndChar"/>
 <error line="200" column="1" severity="error" message="Function comment short description must be on a single line, further text should be a separate paragraph" source="Drupal.Commenting.FunctionComment.ShortSingleLine"/>
 <error line="200" column="1" severity="error" message="Function comment short description must start with exactly one space" source="Drupal.Commenting.FunctionComment.ShortStartSpace"/>
 <error line="201" column="1" severity="warning" message="Line exceeds 80 characters; contains 103 characters" source="Drupal.Files.LineLength.TooLong"/>
 <error line="202" column="1" severity="warning" message="Line exceeds 80 characters; contains 90 characters" source="Drupal.Files.LineLength.TooLong"/>
 <error line="206" column="3" severity="warning" message="There must be no blank line following an inline comment" source="Drupal.Commenting.InlineComment.SpacingAfter"/>
 <error line="206" column="3" severity="error" message="Inline comments must end in full-stops, exclamation marks, or question marks" source="Drupal.Commenting.InlineComment.InvalidEndChar"/>
 <error line="213" column="3" severity="error" message="Inline comments must end in full-stops, exclamation marks, or question marks" source="Drupal.Commenting.InlineComment.InvalidEndChar"/>
 <error line="221" column="3" severity="error" message="Inline comments must end in full-stops, exclamation marks, or question marks" source="Drupal.Commenting.InlineComment.InvalidEndChar"/>
 <error line="232" column="1" severity="error" message="Whitespace found at end of line" source="Squiz.WhiteSpace.SuperfluousWhitespace.EndLine"/>
 <error line="245" column="5" severity="error" message="Inline comments must end in full-stops, exclamation marks, or question marks" source="Drupal.Commenting.InlineComment.InvalidEndChar"/>
 <error line="246" column="41" severity="error" message="Concat operator must be surrounded by spaces" source="Drupal.Strings.ConcatenationSpacing.Missing"/>
 <error line="246" column="45" severity="error" message="Concat operator must be surrounded by spaces" source="Drupal.Strings.ConcatenationSpacing.Missing"/>
 <error line="253" column="5" severity="error" message="Inline comments must end in full-stops, exclamation marks, or question marks" source="Drupal.Commenting.InlineComment.InvalidEndChar"/>
 <error line="263" column="1" severity="error" message="Function comment short description must be on a single line, further text should be a separate paragraph" source="Drupal.Commenting.FunctionComment.ShortSingleLine"/>
 <error line="263" column="1" severity="error" message="Function comment short description must start with exactly one space" source="Drupal.Commenting.FunctionComment.ShortStartSpace"/>
 <error line="265" column="1" severity="warning" message="Line exceeds 80 characters; contains 109 characters" source="Drupal.Files.LineLength.TooLong"/>
 <error line="269" column="3" severity="warning" message="There must be no blank line following an inline comment" source="Drupal.Commenting.InlineComment.SpacingAfter"/>
 <error line="269" column="3" severity="error" message="Inline comments must end in full-stops, exclamation marks, or question marks" source="Drupal.Commenting.InlineComment.InvalidEndChar"/>
 <error line="275" column="3" severity="error" message="Inline comments must end in full-stops, exclamation marks, or question marks" source="Drupal.Commenting.InlineComment.InvalidEndChar"/>
 <error line="283" column="5" severity="error" message="Inline comments must end in full-stops, exclamation marks, or question marks" source="Drupal.Commenting.InlineComment.InvalidEndChar"/>
 <error line="289" column="1" severity="error" message="Function comment short description must be on a single line, further text should be a separate paragraph" source="Drupal.Commenting.FunctionComment.ShortSingleLine"/>
 <error line="289" column="1" severity="error" message="Function comment short description must start with exactly one space" source="Drupal.Commenting.FunctionComment.ShortStartSpace"/>
 <error line="290" column="1" severity="warning" message="Line exceeds 80 characters; contains 122 characters" source="Drupal.Files.LineLength.TooLong"/>
 <error line="296" column="3" severity="warning" message="There must be no blank line following an inline comment" source="Drupal.Commenting.InlineComment.SpacingAfter"/>
 <error line="296" column="3" severity="error" message="Inline comments must end in full-stops, exclamation marks, or question marks" source="Drupal.Commenting.InlineComment.InvalidEndChar"/>
 <error line="309" column="3" severity="error" message="Inline comments must end in full-stops, exclamation marks, or question marks" source="Drupal.Commenting.InlineComment.InvalidEndChar"/>
 <error line="311" column="5" severity="error" message="Inline comments must end in full-stops, exclamation marks, or question marks" source="Drupal.Commenting.InlineComment.InvalidEndChar"/>
 <error line="315" column="57" severity="error" message="Concat operator must be surrounded by spaces" source="Drupal.Strings.ConcatenationSpacing.Missing"/>
 <error line="315" column="61" severity="error" message="Concat operator must be surrounded by spaces" source="Drupal.Strings.ConcatenationSpacing.Missing"/>
 <error line="316" column="57" severity="error" message="Concat operator must be surrounded by spaces" source="Drupal.Strings.ConcatenationSpacing.Missing"/>
 <error line="316" column="61" severity="error" message="Concat operator must be surrounded by spaces" source="Drupal.Strings.ConcatenationSpacing.Missing"/>
 <error line="325" column="1" severity="error" message="Function comment short description must be on a single line, further text should be a separate paragraph" source="Drupal.Commenting.FunctionComment.ShortSingleLine"/>
 <error line="325" column="1" severity="error" message="Function comment short description must start with exactly one space" source="Drupal.Commenting.FunctionComment.ShortStartSpace"/>
 <error line="326" column="1" severity="warning" message="Line exceeds 80 characters; contains 86 characters" source="Drupal.Files.LineLength.TooLong"/>
 <error line="327" column="1" severity="warning" message="Line exceeds 80 characters; contains 100 characters" source="Drupal.Files.LineLength.TooLong"/>
 <error line="330" column="3" severity="warning" message="There must be no blank line following an inline comment" source="Drupal.Commenting.InlineComment.SpacingAfter"/>
 <error line="330" column="3" severity="error" message="Inline comments must end in full-stops, exclamation marks, or question marks" source="Drupal.Commenting.InlineComment.InvalidEndChar"/>
 <error line="340" column="57" severity="error" message="Concat operator must be surrounded by spaces" source="Drupal.Strings.ConcatenationSpacing.Missing"/>
 <error line="340" column="72" severity="error" message="Concat operator must be surrounded by spaces" source="Drupal.Strings.ConcatenationSpacing.Missing"/>
 <error line="357" column="1" severity="error" message="Function comment short description must be on a single line, further text should be a separate paragraph" source="Drupal.Commenting.FunctionComment.ShortSingleLine"/>
 <error line="357" column="1" severity="error" message="Function comment short description must start with exactly one space" source="Drupal.Commenting.FunctionComment.ShortStartSpace"/>
 <error line="358" column="1" severity="warning" message="Line exceeds 80 characters; contains 81 characters" source="Drupal.Files.LineLength.TooLong"/>
 <error line="361" column="3" severity="error" message="Inline comments must end in full-stops, exclamation marks, or question marks" source="Drupal.Commenting.InlineComment.InvalidEndChar"/>
 <error line="369" column="5" severity="error" message="Inline comments must end in full-stops, exclamation marks, or question marks" source="Drupal.Commenting.InlineComment.InvalidEndChar"/>
 <error line="373" column="5" severity="error" message="Inline comments must end in full-stops, exclamation marks, or question marks" source="Drupal.Commenting.InlineComment.InvalidEndChar"/>
 <error line="380" column="1" severity="error" message="Function comment short description must be on a single line, further text should be a separate paragraph" source="Drupal.Commenting.FunctionComment.ShortSingleLine"/>
 <error line="380" column="1" severity="error" message="Function comment short description must start with exactly one space" source="Drupal.Commenting.FunctionComment.ShortStartSpace"/>
 <error line="381" column="1" severity="warning" message="Line exceeds 80 characters; contains 133 characters" source="Drupal.Files.LineLength.TooLong"/>
 <error line="397" column="21" severity="error" message="sizeof() is a function name alias, use count() instead" source="Drupal.Semantics.FunctionCall.FunctionAlias"/>
 <error line="399" column="5" severity="error" message="Inline comments must end in full-stops, exclamation marks, or question marks" source="Drupal.Commenting.InlineComment.InvalidEndChar"/>
 <error line="402" column="9" severity="error" message="Inline comments must end in full-stops, exclamation marks, or question marks" source="Drupal.Commenting.InlineComment.InvalidEndChar"/>
 <error line="408" column="9" severity="error" message="Inline comments must end in full-stops, exclamation marks, or question marks" source="Drupal.Commenting.InlineComment.InvalidEndChar"/>
 <error line="423" column="8" severity="error" message="Space before opening parenthesis of function call prohibited" source="PEAR.Functions.FunctionCallSignature.SpaceBeforeOpenBracket"/>
</file>
